<?xml version="1.0" encoding="UTF-8" ?>
<testsuite errors="0" failures="0" hostname="FHER" name="service.DBTest" skipped="0" tests="2" time="0.315" timestamp="2019-09-21T09:04:12">
  <properties>
    <property name="default.javac.source" value="1.6" />
    <property name="file.encoding.pkg" value="sun.io" />
    <property name="javac.source" value="1.8" />
    <property name="testng.debug.mode" value="" />
    <property name="java.home" value="C:\Program Files\Java\jdk1.8.0_162\jre" />
    <property name="test.src.dir" value="test" />
    <property name="sun.java2d.dpiaware" value="true" />
    <property name="javadoc.version" value="false" />
    <property name="java.endorsed.dirs" value="C:\Program Files\Java\jdk1.8.0_162\jre\lib\endorsed" />
    <property name="src.dir" value="src" />
    <property name="sun.java2d.noddraw" value="true" />
    <property name="debug-args-line" value="-Xdebug" />
    <property name="netbeans.hash.code" value="unique=NB_EXTIDE_JAVA08e272788-c010-439a-9b23-89bd13dab790_cda7d1f5-2ad1-4123-a784-fd1f7556d2cc" />
    <property name="build.sysclasspath" value="ignore" />
    <property name="have.sources" value="true" />
    <property name="includes" value="**" />
    <property name="javac.fork" value="true" />
    <property name="source.encoding" value="UTF-8" />
    <property name="file.reference.itextpdf-5.4.3.jar" value="C:\Users\Oscar\Documents\USAC\IPC\IPC\Proyecto2\itextpdf-5.4.3.jar" />
    <property name="sun.os.patch.level" value="" />
    <property name="java.vendor.url" value="http://java.oracle.com/" />
    <property name="java.version" value="1.8.0_162" />
    <property name="nb.show.statistics.ui" value="usageStatisticsEnabled" />
    <property name="javac.debug" value="true" />
    <property name="org.openide.major.version" value="IDE/1" />
    <property name="run.classpath" value="jars\JTattoo-1.6.11.jar:jars\mysql-connector-java-5.1.48.jar:jars/jcalendar-1.4.jar:jars\junit-jupiter-5.5.2.jar:jars\junit-4.10.jar:C:\Users\Oscar\Documents\USAC\IPC\IPC\Proyecto2\itextpdf-5.4.3.jar:jars\itextpdf-5.4.3.jar:build/classes" />
    <property name="java.vendor.url.bug" value="http://bugreport.sun.com/bugreport/" />
    <property name="netbeans.autoupdate.variant" value="" />
    <property name="netbeans.buildnumber" value="201610071157" />
    <property name="ant.project.invoked-targets" value="test" />
    <property name="annotation.processing.run.all.processors" value="true" />
    <property name="manifest.file" value="manifest.mf" />
    <property name="user.name" value="Fher" />
    <property name="empty.dir" value="C:\Users\ferhj\Desktop\-AyD1-Practica2\Practica2\build\empty" />
    <property name="sun.io.unicode.encoding" value="UnicodeLittle" />
    <property name="sun.jnu.encoding" value="Cp1252" />
    <property name="java.runtime.name" value="Java(TM) SE Runtime Environment" />
    <property name="jdk.home" value="C:\Program Files\Java\jdk1.8.0_162" />
    <property name="sun.awt.keepWorkingSetOnMinimize" value="true" />
    <property name="netbeans.autoupdate.version" value="1.23" />
    <property name="netbeans.dirs" value="C:\Program Files\NetBeans 8.2\nb;C:\Program Files\NetBeans 8.2\ergonomics;C:\Program Files\NetBeans 8.2\ide;C:\Program Files\NetBeans 8.2\extide;C:\Program Files\NetBeans 8.2\java;C:\Program Files\NetBeans 8.2\apisupport;C:\Program Files\NetBeans 8.2\webcommon;C:\Program Files\NetBeans 8.2\websvccommon;C:\Program Files\NetBeans 8.2\enterprise;C:\Program Files\NetBeans 8.2\mobility;C:\Program Files\NetBeans 8.2\profiler;C:\Program Files\NetBeans 8.2\python;C:\Program Files\NetBeans 8.2\php;C:\Program Files\NetBeans 8.2\identity;C:\Program Files\NetBeans 8.2\harness;C:\Program Files\NetBeans 8.2\cnd;C:\Program Files\NetBeans 8.2\cndext;C:\Program Files\NetBeans 8.2\dlight;C:\Program Files\NetBeans 8.2\groovy;C:\Program Files\NetBeans 8.2\extra;C:\Program Files\NetBeans 8.2\javacard;C:\Program Files\NetBeans 8.2\javafx" />
    <property name="main.class.available" value="true" />
    <property name="java.specification.name" value="Java Platform API Specification" />
    <property name="sun.awt.datatransfer.timeout" value="1000" />
    <property name="javadoc.author" value="false" />
    <property name="ap.proc.none.internal" value="" />
    <property name="user.timezone" value="" />
    <property name="nb.native.filechooser" value="false" />
    <property name="manifest.available" value="true" />
    <property name="org.openide.specification.version" value="6.2" />
    <property name="user.script" value="" />
    <property name="path.separator" value=";" />
    <property name="testng.mode" value="testng" />
    <property name="version-output" value="java version &quot;1.8" />
    <property name="netbeans.accept_license_class" value="org.netbeans.license.AcceptLicense" />
    <property name="file.encoding" value="Cp1252" />
    <property name="dist.javadoc.dir" value="dist/javadoc" />
    <property name="ant.project.default-target" value="default" />
    <property name="javac.profile.cmd.line.arg" value="" />
    <property name="sun.java.command" value="org.apache.tools.ant.taskdefs.optional.junit.JUnitTestRunner service.DBTest skipNonTests=false filtertrace=true haltOnError=false haltOnFailure=false showoutput=true outputtoformatters=true logfailedtests=true threadid=0 logtestlistenerevents=true formatter=org.apache.tools.ant.taskdefs.optional.junit.BriefJUnitResultFormatter formatter=org.apache.tools.ant.taskdefs.optional.junit.XMLJUnitResultFormatter,C:\Users\ferhj\Desktop\-AyD1-Practica2\Practica2\build\test\results\TEST-service.DBTest.xml crashfile=C:\Users\ferhj\Desktop\-AyD1-Practica2\Practica2\build\junitvmwatcher698566396742469467.properties propsfile=C:\Users\ferhj\Desktop\-AyD1-Practica2\Practica2\build\junit7964685750114934917.properties" />
    <property name="https.nonProxyHosts" value="localhost|127.0.0.1|FHER" />
    <property name="built-jar.properties" value="C:\Users\ferhj\Desktop\-AyD1-Practica2\Practica2\build\built-jar.properties" />
    <property name="ant.junit.enabletestlistenerevents" value="true" />
    <property name="ant.file" value="C:\Users\ferhj\Desktop\-AyD1-Practica2\Practica2\build.xml" />
    <property name="junit.available" value="true" />
    <property name="ant.file.type.Practica2-impl" value="file" />
    <property name="netbeans.autoupdate.language" value="en" />
    <property name="java.io.tmpdir" value="C:\Users\ferhj\AppData\Local\Temp\" />
    <property name="build.test.results.dir" value="build/test/results" />
    <property name="user.language" value="es" />
    <property name="line.separator" value="&#xd;&#xa;" />
    <property name="apple.laf.useScreenMenuBar" value="true" />
    <property name="javac.compilerargs" value="" />
    <property name="jar.compress" value="false" />
    <property name="debug-transport-by-os" value="dt_shmem" />
    <property name="java.vm.info" value="mixed mode" />
    <property name="javadoc.private" value="false" />
    <property name="annotation.processing.processors.list" value="" />
    <property name="sun.desktop" value="windows" />
    <property name="build.test.classes.dir" value="build/test/classes" />
    <property name="java.vm.specification.name" value="Java Virtual Machine Specification" />
    <property name="test.binaryexcludes" value="" />
    <property name="netbeans.dynamic.classpath" value="C:\Program Files\NetBeans 8.2\platform\core\asm-all-5.0.1.jar;C:\Program Files\NetBeans 8.2\platform\core\core-base.jar;C:\Program Files\NetBeans 8.2\platform\core\core.jar;C:\Program Files\NetBeans 8.2\platform\core\org-netbeans-libs-asm.jar;C:\Program Files\NetBeans 8.2\platform\core\org-openide-filesystems-compat8.jar;C:\Program Files\NetBeans 8.2\platform\core\org-openide-filesystems.jar;C:\Program Files\NetBeans 8.2\platform\core\locale\core-base_de.jar;C:\Program Files\NetBeans 8.2\platform\core\locale\core-base_es.jar;C:\Program Files\NetBeans 8.2\platform\core\locale\core-base_fr.jar;C:\Program Files\NetBeans 8.2\platform\core\locale\core-base_it.jar;C:\Program Files\NetBeans 8.2\platform\core\locale\core_ar_SA.jar;C:\Program Files\NetBeans 8.2\platform\core\locale\core_bg.jar;C:\Program Files\NetBeans 8.2\platform\core\locale\core_ca.jar;C:\Program Files\NetBeans 8.2\platform\core\locale\core_cs.jar;C:\Program Files\NetBeans 8.2\platform\core\locale\core_de.jar;C:\Program Files\NetBeans 8.2\platform\core\locale\core_es.jar;C:\Program Files\NetBeans 8.2\platform\core\locale\core_fr.jar;C:\Program Files\NetBeans 8.2\platform\core\locale\core_gl_ES.jar;C:\Program Files\NetBeans 8.2\platform\core\locale\core_in_ID.jar;C:\Program Files\NetBeans 8.2\platform\core\locale\core_it.jar;C:\Program Files\NetBeans 8.2\platform\core\locale\core_ko.jar;C:\Program Files\NetBeans 8.2\platform\core\locale\core_nl_NL.jar;C:\Program Files\NetBeans 8.2\platform\core\locale\core_pl.jar;C:\Program Files\NetBeans 8.2\platform\core\locale\core_pt_PT.jar;C:\Program Files\NetBeans 8.2\platform\core\locale\core_ro.jar;C:\Program Files\NetBeans 8.2\platform\core\locale\core_si.jar;C:\Program Files\NetBeans 8.2\platform\core\locale\core_sq.jar;C:\Program Files\NetBeans 8.2\platform\core\locale\core_sv.jar;C:\Program Files\NetBeans 8.2\platform\core\locale\core_tr.jar;C:\Program Files\NetBeans 8.2\platform\core\locale\core_zh_TW.jar;C:\Program Files\NetBeans 8.2\platform\core\locale\org-netbeans-libs-asm_de.jar;C:\Program Files\NetBeans 8.2\platform\core\locale\org-netbeans-libs-asm_es.jar;C:\Program Files\NetBeans 8.2\platform\core\locale\org-netbeans-libs-asm_fr.jar;C:\Program Files\NetBeans 8.2\platform\core\locale\org-netbeans-libs-asm_it.jar;C:\Program Files\NetBeans 8.2\platform\core\locale\org-openide-filesystems-compat8_de.jar;C:\Program Files\NetBeans 8.2\platform\core\locale\org-openide-filesystems-compat8_es.jar;C:\Program Files\NetBeans 8.2\platform\core\locale\org-openide-filesystems-compat8_fr.jar;C:\Program Files\NetBeans 8.2\platform\core\locale\org-openide-filesystems-compat8_it.jar;C:\Program Files\NetBeans 8.2\platform\core\locale\org-openide-filesystems_ar_SA.jar;C:\Program Files\NetBeans 8.2\platform\core\locale\org-openide-filesystems_bg.jar;C:\Program Files\NetBeans 8.2\platform\core\locale\org-openide-filesystems_ca.jar;C:\Program Files\NetBeans 8.2\platform\core\locale\org-openide-filesystems_cs.jar;C:\Program Files\NetBeans 8.2\platform\core\locale\org-openide-filesystems_de.jar;C:\Program Files\NetBeans 8.2\platform\core\locale\org-openide-filesystems_es.jar;C:\Program Files\NetBeans 8.2\platform\core\locale\org-openide-filesystems_fr.jar;C:\Program Files\NetBeans 8.2\platform\core\locale\org-openide-filesystems_gl_ES.jar;C:\Program Files\NetBeans 8.2\platform\core\locale\org-openide-filesystems_in_ID.jar;C:\Program Files\NetBeans 8.2\platform\core\locale\org-openide-filesystems_it.jar;C:\Program Files\NetBeans 8.2\platform\core\locale\org-openide-filesystems_ko.jar;C:\Program Files\NetBeans 8.2\platform\core\locale\org-openide-filesystems_nl_NL.jar;C:\Program Files\NetBeans 8.2\platform\core\locale\org-openide-filesystems_pl.jar;C:\Program Files\NetBeans 8.2\platform\core\locale\org-openide-filesystems_pt_PT.jar;C:\Program Files\NetBeans 8.2\platform\core\locale\org-openide-filesystems_ro.jar;C:\Program Files\NetBeans 8.2\platform\core\locale\org-openide-filesystems_si.jar;C:\Program Files\NetBeans 8.2\platform\core\locale\org-openide-filesystems_sq.jar;C:\Program Files\NetBeans 8.2\platform\core\locale\org-openide-filesystems_sv.jar;C:\Program Files\NetBeans 8.2\platform\core\locale\org-openide-filesystems_tr.jar;C:\Program Files\NetBeans 8.2\platform\core\locale\org-openide-filesystems_zh_TW.jar;C:\Program Files\NetBeans 8.2\nb\core\org-netbeans-upgrader.jar;C:\Program Files\NetBeans 8.2\nb\core\locale\core_nb.jar;C:\Program Files\NetBeans 8.2\nb\core\locale\core_nb_ca.jar;C:\Program Files\NetBeans 8.2\nb\core\locale\core_nb_de.jar;C:\Program Files\NetBeans 8.2\nb\core\locale\core_nb_es.jar;C:\Program Files\NetBeans 8.2\nb\core\locale\core_nb_fr.jar;C:\Program Files\NetBeans 8.2\nb\core\locale\core_nb_gl_ES.jar;C:\Program Files\NetBeans 8.2\nb\core\locale\core_nb_it.jar;C:\Program Files\NetBeans 8.2\nb\core\locale\core_nb_ko.jar;C:\Program Files\NetBeans 8.2\nb\core\locale\core_nb_nl_NL.jar;C:\Program Files\NetBeans 8.2\nb\core\locale\core_nb_sv.jar;C:\Program Files\NetBeans 8.2\nb\core\locale\core_nb_tr.jar;C:\Program Files\NetBeans 8.2\nb\core\locale\core_nb_zh_TW.jar;C:\Program Files\NetBeans 8.2\nb\core\locale\org-netbeans-upgrader_ca.jar;C:\Program Files\NetBeans 8.2\nb\core\locale\org-netbeans-upgrader_de.jar;C:\Program Files\NetBeans 8.2\nb\core\locale\org-netbeans-upgrader_es.jar;C:\Program Files\NetBeans 8.2\nb\core\locale\org-netbeans-upgrader_fr.jar;C:\Program Files\NetBeans 8.2\nb\core\locale\org-netbeans-upgrader_gl_ES.jar;C:\Program Files\NetBeans 8.2\nb\core\locale\org-netbeans-upgrader_it.jar;C:\Program Files\NetBeans 8.2\nb\core\locale\org-netbeans-upgrader_ko.jar;C:\Program Files\NetBeans 8.2\nb\core\locale\org-netbeans-upgrader_nl_NL.jar;C:\Program Files\NetBeans 8.2\nb\core\locale\org-netbeans-upgrader_sv.jar;C:\Program Files\NetBeans 8.2\nb\core\locale\org-netbeans-upgrader_tr.jar;C:\Program Files\NetBeans 8.2\nb\core\locale\org-netbeans-upgrader_zh_TW.jar" />
    <property name="platform.active" value="default_platform" />
    <property name="ap.cmd.line.internal" value="" />
    <property name="jdkBug6558476" value="false" />
    <property name="java.failonerror" value="true" />
    <property name="http.nonProxyHosts" value="localhost|127.0.0.1|FHER" />
    <property name="netbeans.autoupdate.country" value="GT" />
    <property name="javadoc.encoding" value="UTF-8" />
    <property name="java.awt.printerjob" value="sun.awt.windows.WPrinterJob" />
    <property name="ap.processors.internal" value="" />
    <property name="do.archive" value="true" />
    <property name="ant.file.Practica2-impl" value="C:\Users\ferhj\Desktop\-AyD1-Practica2\Practica2\nbproject\build-impl.xml" />
    <property name="dist.jar" value="dist/Practica2.jar" />
    <property name="meta.inf.dir" value="src/META-INF" />
    <property name="ant.version" value="Apache Ant(TM) version 1.9.7 compiled on April 9 2016" />
    <property name="netbeans.home" value="C:\Program Files\NetBeans 8.2\platform" />
    <property name="javadoc.nonavbar" value="false" />
    <property name="user.properties.file" value="C:\Users\david\AppData\Roaming\NetBeans\8.2\build.properties" />
    <property name="netbeans.importclass" value="org.netbeans.upgrade.AutoUpgrade" />
    <property name="javac.external.vm" value="true" />
    <property name="annotation.processing.source.output" value="build/generated-sources/ap-source-output" />
    <property name="build.generated.dir" value="build/generated" />
    <property name="netbeans.home+have.tests" value="true" />
    <property name="apple.awt.graphics.UseQuartz" value="true" />
    <property name="os.name" value="Windows 10" />
    <property name="java.specification.vendor" value="Oracle Corporation" />
    <property name="file.reference.junit-4.10.jar" value="jars\junit-4.10.jar" />
    <property name="run.test.classpath" value="jars\JTattoo-1.6.11.jar:jars\mysql-connector-java-5.1.48.jar:jars/jcalendar-1.4.jar:jars\junit-jupiter-5.5.2.jar:jars\junit-4.10.jar:C:\Users\Oscar\Documents\USAC\IPC\IPC\Proyecto2\itextpdf-5.4.3.jar:jars\itextpdf-5.4.3.jar:build/classes:build/test/classes" />
    <property name="do.archive+main.class.available" value="true" />
    <property name="java.vm.name" value="Java HotSpot(TM) 64-Bit Server VM" />
    <property name="org.openide.version" value="deprecated" />
    <property name="sun.awt.enableExtraMouseButtons" value="true" />
    <property name="ap.supported.internal" value="true" />
    <property name="java.library.path" value="C:\Program Files\Java\jdk1.8.0_162\jre\bin;C:\WINDOWS\Sun\Java\bin;C:\WINDOWS\system32;C:\WINDOWS;C:\app\Fher\product\18.0.0\dbhomeXE\bin;C:\Program Files (x86)\Common Files\Oracle\Java\javapath;C:\ProgramData\Oracle\Java\javapath;C:\Windows\system32;C:\Windows;C:\Windows\System32\Wbem;C:\Windows\System32\WindowsPowerShell\v1.0\;C:\Program Files (x86)\NVIDIA Corporation\PhysX\Common;C:\WINDOWS\system32;C:\WINDOWS;C:\WINDOWS\System32\Wbem;C:\WINDOWS\System32\WindowsPowerShell\v1.0\;C:\Program Files\dotnet\;C:\Program Files\Microsoft SQL Server\130\Tools\Binn\;C:\Program Files (x86)\Graphviz2.38\bin;C:\WINDOWS\System32\OpenSSH\;C:\Program Files\Intel\WiFi\bin\;C:\Program Files\Common Files\Intel\WirelessCommon\;C:\Program Files\Microsoft VS Code\bin;C:\Program Files\Git\cmd;C:\javacc 6.0\bin;C:\javacc 5.0\bin;C:\Program Files\Microsoft SQL Server\Client SDK\ODBC\130\Tools\Binn\;C:\Program Files (x86)\Microsoft SQL Server\140\Tools\Binn\;C:\Program Files\Microsoft SQL Server\140\Tools\Binn\;C:\Program Files\Microsoft SQL Server\140\DTS\Binn\;C:\Program Files (x86)\Microsoft SQL Server\Client SDK\ODBC\130\Tools\Binn\;C:\Program Files (x86)\Microsoft SQL Server\140\DTS\Binn\;C:\Program Files (x86)\Microsoft SQL Server\140\Tools\Binn\ManagementStudio\;C:\PostgreSQL\pg10\bin;C:\Program Files\NASM;C:\flex_bison;C:\Program Files\nodejs\;C:\Program Files\PuTTY\;C:\Program Files\NVIDIA Corporation\NVIDIA NvDLISR;C:\WINDOWS\system32;C:\WINDOWS;C:\WINDOWS\System32\Wbem;C:\WINDOWS\System32\WindowsPowerShell\v1.0\;C:\WINDOWS\System32\OpenSSH\;C:\Program Files (x86)\Intel\Intel(R) Management Engine Components\DAL;C:\Program Files\Intel\Intel(R) Management Engine Components\DAL;C:\ProgramData\chocolatey\bin;C:\Program Files (x86)\BioSecurity\MainResource\postgresql\bin;C:\Go\bin;C:\Users\ferhj\AppData\Local\Programs\Python\Python37-32\Scripts\;C:\Users\ferhj\AppData\Local\Programs\Python\Python37-32\;C:\Users\ferhj\AppData\Local\Microsoft\WindowsApps;C:\Program Files\Microsoft VS Code\bin;C:\Users\ferhj\AppData\Local\atom\bin;C:\flex_bison;;C:\Program Files\Docker Toolbox;C:\Program Files\JetBrains\WebStorm 2018.3.5\bin;;C:\Users\ferhj\AppData\Roaming\npm;C:\Users\ferhj\AppData\Local\Microsoft\WindowsApps;C:\Users\ferhj\AppData\Local\hyper\app-3.0.2\resources\bin;C:\Program Files\JetBrains\IntelliJ IDEA Community Edition 2019.2.2\bin;;C:\Users\ferhj\go\bin;." />
    <property name="ant.java.version" value="1.8" />
    <property name="file.reference.JTattoo-1.6.11.jar-1" value="jars\JTattoo-1.6.11.jar" />
    <property name="basedir" value="C:\Users\ferhj\Desktop\-AyD1-Practica2\Practica2" />
    <property name="javadoc.noindex" value="false" />
    <property name="jna.boot.library.name" value="jnidispatch-422" />
    <property name="java.class.version" value="52.0" />
    <property name="javac.test.classpath" value="jars\JTattoo-1.6.11.jar:jars\mysql-connector-java-5.1.48.jar:jars/jcalendar-1.4.jar:jars\junit-jupiter-5.5.2.jar:jars\junit-4.10.jar:C:\Users\Oscar\Documents\USAC\IPC\IPC\Proyecto2\itextpdf-5.4.3.jar:jars\itextpdf-5.4.3.jar:build/classes" />
    <property name="javac.processorpath" value="jars\JTattoo-1.6.11.jar:jars\mysql-connector-java-5.1.48.jar:jars/jcalendar-1.4.jar:jars\junit-jupiter-5.5.2.jar:jars\junit-4.10.jar:C:\Users\Oscar\Documents\USAC\IPC\IPC\Proyecto2\itextpdf-5.4.3.jar:jars\itextpdf-5.4.3.jar" />
    <property name="ant.home" value="C:\Program Files\NetBeans 8.2\extide\ant" />
    <property name="javadoc.splitindex" value="true" />
    <property name="javac.test.processorpath" value="jars\JTattoo-1.6.11.jar:jars\mysql-connector-java-5.1.48.jar:jars/jcalendar-1.4.jar:jars\junit-jupiter-5.5.2.jar:jars\junit-4.10.jar:C:\Users\Oscar\Documents\USAC\IPC\IPC\Proyecto2\itextpdf-5.4.3.jar:jars\itextpdf-5.4.3.jar:build/classes" />
    <property name="javadoc.preview" value="true" />
    <property name="copylibs.rebase" value="true" />
    <property name="file.reference.junit-jupiter-5.5.2.jar" value="jars\junit-jupiter-5.5.2.jar" />
    <property name="junit.forkmode" value="perTest" />
    <property name="test.binarytestincludes" value="" />
    <property name="dist.archive.excludes" value="" />
    <property name="sun.boot.library.path" value="C:\Program Files\Java\jdk1.8.0_162\jre\bin" />
    <property name="build.dir" value="build" />
    <property name="sun.management.compiler" value="HotSpot 64-Bit Tiered Compilers" />
    <property name="java.awt.graphicsenv" value="sun.awt.Win32GraphicsEnvironment" />
    <property name="user.variant" value="" />
    <property name="ant.file.type.Practica2" value="file" />
    <property name="javadoc.encoding.used" value="UTF-8" />
    <property name="javadoc.windowtitle" value="" />
    <property name="netbeans.productversion" value="NetBeans IDE 8.2 (Build 201610071157)" />
    <property name="run.jvmargs.ide" value="" />
    <property name="annotation.processing.enabled" value="true" />
    <property name="file.reference.itextpdf-5.4.3.jar-1" value="jars\itextpdf-5.4.3.jar" />
    <property name="nb.junit.single" value="false" />
    <property name="build.generated.sources.dir" value="build/generated-sources" />
    <property name="run.jvmargs" value="  -javaagent:&quot;C:\Users\ferhj\AppData\Roaming\NetBeans\8.2\modules\ext\jacocoagent.jar&quot;=includes=models.*:practica2.*:service.*,destfile=&quot;C:\Users\ferhj\Desktop\-AyD1-Practica2\Practica2\jacoco.exec-479104237177100&quot;" />
    <property name="build.compiler.emacs" value="true" />
    <property name="file.reference.mysql-connector-java-5.1.48.jar" value="jars\mysql-connector-java-5.1.48.jar" />
    <property name="file.reference.jcalendar-1.4.jar" value="jars/jcalendar-1.4.jar" />
    <property name="ant.project.name" value="Practica2" />
    <property name="org.openide.awt.SwingBrowserImpl.do-not-block-awt" value="false" />
    <property name="java.vm.specification.version" value="1.8" />
    <property name="work.dir" value="C:\Users\ferhj\Desktop\-AyD1-Practica2\Practica2" />
    <property name="awt.toolkit" value="sun.awt.windows.WToolkit" />
    <property name="javadoc.use" value="true" />
    <property name="sun.cpu.isalist" value="amd64" />
    <property name="java.ext.dirs" value="C:\Program Files\Java\jdk1.8.0_162\jre\lib\ext;C:\WINDOWS\Sun\Java\lib\ext" />
    <property name="netbeans.default_userdir_root" value="C:\Users\ferhj\AppData\Roaming\NetBeans" />
    <property name="os.version" value="10.0" />
    <property name="excludes" value="" />
    <property name="jna.loaded" value="true" />
    <property name="user.home" value="C:\Users\ferhj" />
    <property name="org.xml.sax.driver" value="com.sun.org.apache.xerces.internal.jaxp.SAXParserImpl$JAXPSAXParser" />
    <property name="java.vm.vendor" value="Oracle Corporation" />
    <property name="user.dir" value="C:\Users\ferhj\Desktop\-AyD1-Practica2\Practica2" />
    <property name="debug-transport" value="dt_shmem" />
    <property name="application.args" value="" />
    <property name="sun.cpu.endian" value="little" />
    <property name="compile.on.save" value="true" />
    <property name="endorsed.classpath.cmd.line.arg" value="" />
    <property name="jar.index" value="false" />
    <property name="netbeans.automatic.build" value="true" />
    <property name="test.binaryincludes" value="&lt;nothing&gt;" />
    <property name="java.vm.version" value="25.162-b12" />
    <property name="annotation.processing.processor.options" value="" />
    <property name="java.class.path" value="C:\Users\ferhj\Desktop\-AyD1-Practica2\Practica2\jars\JTattoo-1.6.11.jar;C:\Users\ferhj\Desktop\-AyD1-Practica2\Practica2\jars\mysql-connector-java-5.1.48.jar;C:\Users\ferhj\Desktop\-AyD1-Practica2\Practica2\jars\jcalendar-1.4.jar;C:\Users\ferhj\Desktop\-AyD1-Practica2\Practica2\jars\junit-4.10.jar;C:\Users\ferhj\Desktop\-AyD1-Practica2\Practica2\jars\itextpdf-5.4.3.jar;C:\Users\ferhj\Desktop\-AyD1-Practica2\Practica2\build\classes;C:\Users\ferhj\Desktop\-AyD1-Practica2\Practica2\build\test\classes;C:\Users\ferhj\Desktop\-AyD1-Practica2\Practica2;C:\PROGRA~2\JMF2.1.1e\lib\sound.jar;C:\PROGRA~2\JMF2.1.1e\lib\jmf.jar;C:\PROGRA~2\JMF2.1.1e\lib;C:\Program Files\NetBeans 8.2\extide\ant\lib\ant-launcher.jar;C:\Program Files\NetBeans 8.2\extide\ant\lib\ant.jar;C:\Program Files\NetBeans 8.2\extide\ant\lib\ant-junit.jar;C:\Program Files\NetBeans 8.2\extide\ant\lib\ant-junit4.jar;C:\Users\ferhj\AppData\Roaming\NetBeans\8.2\modules\ext\jacocoagent.jar" />
    <property name="tests.failed" value="true" />
    <property name="os.arch" value="amd64" />
    <property name="javac.deprecation" value="false" />
    <property name="manifest.encoding" value="UTF-8" />
    <property name="build.classes.excludes" value="**/*.java,**/*.form" />
    <property name="dist.dir" value="dist" />
    <property name="netbeans.user" value="C:\Users\ferhj\AppData\Roaming\NetBeans\8.2" />
    <property name="debug.classpath" value="jars\JTattoo-1.6.11.jar:jars\mysql-connector-java-5.1.48.jar:jars/jcalendar-1.4.jar:jars\junit-jupiter-5.5.2.jar:jars\junit-4.10.jar:C:\Users\Oscar\Documents\USAC\IPC\IPC\Proyecto2\itextpdf-5.4.3.jar:jars\itextpdf-5.4.3.jar:build/classes" />
    <property name="sun.java.launcher" value="SUN_STANDARD" />
    <property name="jar.index.metainf" value="false" />
    <property name="platform.java" value="C:\Program Files\Java\jdk1.8.0_162\jre/bin/java" />
    <property name="annotation.processing.enabled.in.editor" value="false" />
    <property name="ant.core.lib" value="C:\Program Files\NetBeans 8.2\extide\ant\lib\ant.jar" />
    <property name="java.vm.specification.vendor" value="Oracle Corporation" />
    <property name="do.depend" value="false" />
    <property name="file.separator" value="\" />
    <property name="java.runtime.version" value="1.8.0_162-b12" />
    <property name="sun.boot.class.path" value="C:\Program Files\Java\jdk1.8.0_162\jre\lib\resources.jar;C:\Program Files\Java\jdk1.8.0_162\jre\lib\rt.jar;C:\Program Files\Java\jdk1.8.0_162\jre\lib\sunrsasign.jar;C:\Program Files\Java\jdk1.8.0_162\jre\lib\jsse.jar;C:\Program Files\Java\jdk1.8.0_162\jre\lib\jce.jar;C:\Program Files\Java\jdk1.8.0_162\jre\lib\charsets.jar;C:\Program Files\Java\jdk1.8.0_162\jre\lib\jfr.jar;C:\Program Files\Java\jdk1.8.0_162\jre\classes" />
    <property name="debug.test.classpath" value="jars\JTattoo-1.6.11.jar:jars\mysql-connector-java-5.1.48.jar:jars/jcalendar-1.4.jar:jars\junit-jupiter-5.5.2.jar:jars\junit-4.10.jar:C:\Users\Oscar\Documents\USAC\IPC\IPC\Proyecto2\itextpdf-5.4.3.jar:jars\itextpdf-5.4.3.jar:build/classes:build/test/classes" />
    <property name="nb.junit.batch" value="true" />
    <property name="have.tests" value="true" />
    <property name="main.class" value="practica2.Practica2" />
    <property name="jdk.launcher.addexports.5" value="java.management/sun.management=ALL-UNNAMED" />
    <property name="jdk.launcher.addexports.4" value="java.desktop/com.sun.java.swing.plaf.windows=ALL-UNNAMED" />
    <property name="java.util.logging.config.class" value="org.netbeans.core.startup.TopLogging" />
    <property name="jdk.launcher.addexports.3" value="java.desktop/sun.awt.im=ALL-UNNAMED" />
    <property name="jdk.launcher.addexports.2" value="java.desktop/java.awt.peer=ALL-UNNAMED" />
    <property name="jdk.launcher.addexports.1" value="java.base/jdk.internal.jrtfs=ALL-UNNAMED" />
    <property name="jdk.launcher.addexports.0" value="java.desktop/sun.awt=ALL-UNNAMED" />
    <property name="user.country" value="GT" />
    <property name="javadoc.notree" value="false" />
    <property name="javadoc.additionalparam" value="" />
    <property name="javac.classpath" value="jars\JTattoo-1.6.11.jar:jars\mysql-connector-java-5.1.48.jar:jars/jcalendar-1.4.jar:jars\junit-jupiter-5.5.2.jar:jars\junit-4.10.jar:C:\Users\Oscar\Documents\USAC\IPC\IPC\Proyecto2\itextpdf-5.4.3.jar:jars\itextpdf-5.4.3.jar" />
    <property name="ant.file.Practica2" value="C:\Users\ferhj\Desktop\-AyD1-Practica2\Practica2\build.xml" />
    <property name="default.javac.target" value="1.6" />
    <property name="build.classes.dir" value="build/classes" />
    <property name="do.archive+manifest.available" value="true" />
    <property name="javac.target" value="1.8" />
    <property name="java.vendor" value="Oracle Corporation" />
    <property name="runtime.encoding" value="UTF-8" />
    <property name="java.specification.version" value="1.8" />
    <property name="sun.arch.data.model" value="64" />
    <property name="mkdist.disabled" value="false" />
  </properties>
  <testcase classname="service.DBTest" name="testObtener" time="0.255" />
  <testcase classname="service.DBTest" name="testCerrar" time="0.003" />
  <system-out><![CDATA[Inicia el test de la clase DB
Inicia el test del metodo ...obtener
Conexion Establecida
Finaliza el test del metodo ...Inicia el test del metodo ...cerrar
Finaliza el test del metodo ...Finaliza el test de la clase DB
]]></system-out>
  <system-err><![CDATA[]]></system-err>
</testsuite>
