<?xml version="1.0" encoding="UTF-8" ?>
<testsuite errors="0" failures="0" hostname="FHER" name="service.ConsultasTest" skipped="0" tests="13" time="43.411" timestamp="2019-09-21T15:53:55">
  <properties>
    <property name="netbeans.autoupdate.country" value="GT" />
    <property name="javac.test.classpath" value="jars\JTattoo-1.6.11.jar:jars\mysql-connector-java-5.1.48.jar:jars/jcalendar-1.4.jar:jars\junit-jupiter-5.5.2.jar:jars\junit-4.10.jar:C:\Users\Oscar\Documents\USAC\IPC\IPC\Proyecto2\itextpdf-5.4.3.jar:jars\itextpdf-5.4.3.jar:build/classes" />
    <property name="ant.core.lib" value="C:\Program Files\NetBeans 8.2\extide\ant\lib\ant.jar" />
    <property name="javadoc.windowtitle" value="" />
    <property name="user.dir" value="C:\Users\ferhj\Desktop\-AyD1-Practica2\Practica2" />
    <property name="java.vm.version" value="25.162-b12" />
    <property name="libs.MySQLDriver.classpath" value="C:\Program Files\NetBeans 8.2\ide\modules\ext\mysql-connector-java-5.1.23-bin.jar" />
    <property name="libs.eclipselinkmodelgen.src" value="" />
    <property name="javadoc.notree" value="false" />
    <property name="netbeans.autoupdate.version" value="1.23" />
    <property name="javac.profile.cmd.line.arg" value="" />
    <property name="jdk.home" value="C:\Program Files\Java\jdk1.8.0_162" />
    <property name="libs.javac-api.src" value="" />
    <property name="javadoc.noindex" value="false" />
    <property name="libs.jpa2-persistence.classpath" value="C:\Program Files\NetBeans 8.2\java\modules\ext\hibernate4\hibernate-jpa-2.1-api-1.0.0.Final.jar" />
    <property name="sun.os.patch.level" value="" />
    <property name="do.archive+manifest.available" value="true" />
    <property name="java.vm.specification.name" value="Java Virtual Machine Specification" />
    <property name="nb.show.statistics.ui" value="usageStatisticsEnabled" />
    <property name="netbeans.autoupdate.variant" value="" />
    <property name="have.tests" value="true" />
    <property name="org.xml.sax.driver" value="com.sun.org.apache.xerces.internal.jaxp.SAXParserImpl$JAXPSAXParser" />
    <property name="libs.hamcrest.classpath" value="C:\Program Files\NetBeans 8.2\platform\modules\ext\hamcrest-core-1.3.jar" />
    <property name="libs.javac-api.javadoc" value="" />
    <property name="os.name" value="Windows 10" />
    <property name="file.reference.jcalendar-1.4.jar" value="jars/jcalendar-1.4.jar" />
    <property name="libs.beans-binding.classpath" value="C:\Program Files\NetBeans 8.2\java\modules\ext\beansbinding-1.2.1.jar" />
    <property name="file.reference.mysql-connector-java-5.1.48.jar" value="jars\mysql-connector-java-5.1.48.jar" />
    <property name="ap.proc.none.internal" value="" />
    <property name="libs.JWSAntTasks.maven-pom" value="" />
    <property name="libs.testng.src" value="" />
    <property name="java.vendor.url.bug" value="http://bugreport.sun.com/bugreport/" />
    <property name="libs.jaxb.maven-pom" value="" />
    <property name="os.arch" value="amd64" />
    <property name="libs.eclipselink.src" value="" />
    <property name="user.name" value="Fher" />
    <property name="copylibs.rebase" value="true" />
    <property name="libs.swing-layout.maven-pom" value="" />
    <property name="sun.java.command" value="org.apache.tools.ant.taskdefs.optional.junit.JUnitTestRunner service.ConsultasTest skipNonTests=false filtertrace=true haltOnError=false haltOnFailure=false showoutput=true outputtoformatters=true logfailedtests=true threadid=0 logtestlistenerevents=true formatter=org.apache.tools.ant.taskdefs.optional.junit.BriefJUnitResultFormatter formatter=org.apache.tools.ant.taskdefs.optional.junit.XMLJUnitResultFormatter,C:\Users\ferhj\Desktop\-AyD1-Practica2\Practica2\build\test\results\TEST-service.ConsultasTest.xml crashfile=C:\Users\ferhj\Desktop\-AyD1-Practica2\Practica2\build\junitvmwatcher7905349885066016267.properties propsfile=C:\Users\ferhj\Desktop\-AyD1-Practica2\Practica2\build\junit4775256127876998920.properties" />
    <property name="build.classes.dir" value="build/classes" />
    <property name="netbeans.accept_license_class" value="org.netbeans.license.AcceptLicense" />
    <property name="build.sysclasspath" value="ignore" />
    <property name="manifest.encoding" value="UTF-8" />
    <property name="ap.supported.internal" value="true" />
    <property name="java.failonerror" value="true" />
    <property name="libs.jaxws21.javadoc" value="C:\Program Files\NetBeans 8.2\java\docs\jaxws-api-doc.zip" />
    <property name="includes" value="**" />
    <property name="user.country" value="GT" />
    <property name="manifest.file" value="manifest.mf" />
    <property name="javadoc.encoding" value="UTF-8" />
    <property name="javac.classpath" value="jars\JTattoo-1.6.11.jar:jars\mysql-connector-java-5.1.48.jar:jars/jcalendar-1.4.jar:jars\junit-jupiter-5.5.2.jar:jars\junit-4.10.jar:C:\Users\Oscar\Documents\USAC\IPC\IPC\Proyecto2\itextpdf-5.4.3.jar:jars\itextpdf-5.4.3.jar" />
    <property name="libs.JAVADB_DRIVER_LABEL.src" value="" />
    <property name="libs.spring-framework400.classpath" value="C:\Program Files\NetBeans 8.2\ide\modules\org-apache-commons-logging.jar;C:\Program Files\NetBeans 8.2\java\modules\ext\cglib-2.2.jar;C:\Program Files\NetBeans 8.2\java\modules\ext\spring-4\spring-aop-4.0.1.RELEASE.jar;C:\Program Files\NetBeans 8.2\java\modules\ext\spring-4\spring-aspects-4.0.1.RELEASE.jar;C:\Program Files\NetBeans 8.2\java\modules\ext\spring-4\spring-beans-4.0.1.RELEASE.jar;C:\Program Files\NetBeans 8.2\java\modules\ext\spring-4\spring-build-src-4.0.1.RELEASE.jar;C:\Program Files\NetBeans 8.2\java\modules\ext\spring-4\spring-context-4.0.1.RELEASE.jar;C:\Program Files\NetBeans 8.2\java\modules\ext\spring-4\spring-context-support-4.0.1.RELEASE.jar;C:\Program Files\NetBeans 8.2\java\modules\ext\spring-4\spring-core-4.0.1.RELEASE.jar;C:\Program Files\NetBeans 8.2\java\modules\ext\spring-4\spring-expression-4.0.1.RELEASE.jar;C:\Program Files\NetBeans 8.2\java\modules\ext\spring-4\spring-framework-bom-4.0.1.RELEASE.jar;C:\Program Files\NetBeans 8.2\java\modules\ext\spring-4\spring-instrument-4.0.1.RELEASE.jar;C:\Program Files\NetBeans 8.2\java\modules\ext\spring-4\spring-instrument-tomcat-4.0.1.RELEASE.jar;C:\Program Files\NetBeans 8.2\java\modules\ext\spring-4\spring-jdbc-4.0.1.RELEASE.jar;C:\Program Files\NetBeans 8.2\java\modules\ext\spring-4\spring-jms-4.0.1.RELEASE.jar;C:\Program Files\NetBeans 8.2\java\modules\ext\spring-4\spring-messaging-4.0.1.RELEASE.jar;C:\Program Files\NetBeans 8.2\java\modules\ext\spring-4\spring-orm-4.0.1.RELEASE.jar;C:\Program Files\NetBeans 8.2\java\modules\ext\spring-4\spring-oxm-4.0.1.RELEASE.jar;C:\Program Files\NetBeans 8.2\java\modules\ext\spring-4\spring-test-4.0.1.RELEASE.jar;C:\Program Files\NetBeans 8.2\java\modules\ext\spring-4\spring-tx-4.0.1.RELEASE.jar;C:\Program Files\NetBeans 8.2\java\modules\ext\spring-4\spring-web-4.0.1.RELEASE.jar;C:\Program Files\NetBeans 8.2\java\modules\ext\spring-4\spring-webmvc-4.0.1.RELEASE.jar;C:\Program Files\NetBeans 8.2\java\modules\ext\spring-4\spring-webmvc-portlet-4.0.1.RELEASE.jar;C:\Program Files\NetBeans 8.2\java\modules\ext\spring-4\spring-websocket-4.0.1.RELEASE.jar" />
    <property name="debug-transport" value="dt_shmem" />
    <property name="netbeans.home" value="C:\Program Files\NetBeans 8.2\platform" />
    <property name="ant.file.type.Practica2-impl" value="file" />
    <property name="build.compiler.emacs" value="true" />
    <property name="java.endorsed.dirs" value="C:\Program Files\Java\jdk1.8.0_162\jre\lib\endorsed" />
    <property name="netbeans.dynamic.classpath" value="C:\Program Files\NetBeans 8.2\platform\core\asm-all-5.0.1.jar;C:\Program Files\NetBeans 8.2\platform\core\core-base.jar;C:\Program Files\NetBeans 8.2\platform\core\core.jar;C:\Program Files\NetBeans 8.2\platform\core\org-netbeans-libs-asm.jar;C:\Program Files\NetBeans 8.2\platform\core\org-openide-filesystems-compat8.jar;C:\Program Files\NetBeans 8.2\platform\core\org-openide-filesystems.jar;C:\Program Files\NetBeans 8.2\platform\core\locale\core-base_de.jar;C:\Program Files\NetBeans 8.2\platform\core\locale\core-base_es.jar;C:\Program Files\NetBeans 8.2\platform\core\locale\core-base_fr.jar;C:\Program Files\NetBeans 8.2\platform\core\locale\core-base_it.jar;C:\Program Files\NetBeans 8.2\platform\core\locale\core_ar_SA.jar;C:\Program Files\NetBeans 8.2\platform\core\locale\core_bg.jar;C:\Program Files\NetBeans 8.2\platform\core\locale\core_ca.jar;C:\Program Files\NetBeans 8.2\platform\core\locale\core_cs.jar;C:\Program Files\NetBeans 8.2\platform\core\locale\core_de.jar;C:\Program Files\NetBeans 8.2\platform\core\locale\core_es.jar;C:\Program Files\NetBeans 8.2\platform\core\locale\core_fr.jar;C:\Program Files\NetBeans 8.2\platform\core\locale\core_gl_ES.jar;C:\Program Files\NetBeans 8.2\platform\core\locale\core_in_ID.jar;C:\Program Files\NetBeans 8.2\platform\core\locale\core_it.jar;C:\Program Files\NetBeans 8.2\platform\core\locale\core_ko.jar;C:\Program Files\NetBeans 8.2\platform\core\locale\core_nl_NL.jar;C:\Program Files\NetBeans 8.2\platform\core\locale\core_pl.jar;C:\Program Files\NetBeans 8.2\platform\core\locale\core_pt_PT.jar;C:\Program Files\NetBeans 8.2\platform\core\locale\core_ro.jar;C:\Program Files\NetBeans 8.2\platform\core\locale\core_si.jar;C:\Program Files\NetBeans 8.2\platform\core\locale\core_sq.jar;C:\Program Files\NetBeans 8.2\platform\core\locale\core_sv.jar;C:\Program Files\NetBeans 8.2\platform\core\locale\core_tr.jar;C:\Program Files\NetBeans 8.2\platform\core\locale\core_zh_TW.jar;C:\Program Files\NetBeans 8.2\platform\core\locale\org-netbeans-libs-asm_de.jar;C:\Program Files\NetBeans 8.2\platform\core\locale\org-netbeans-libs-asm_es.jar;C:\Program Files\NetBeans 8.2\platform\core\locale\org-netbeans-libs-asm_fr.jar;C:\Program Files\NetBeans 8.2\platform\core\locale\org-netbeans-libs-asm_it.jar;C:\Program Files\NetBeans 8.2\platform\core\locale\org-openide-filesystems-compat8_de.jar;C:\Program Files\NetBeans 8.2\platform\core\locale\org-openide-filesystems-compat8_es.jar;C:\Program Files\NetBeans 8.2\platform\core\locale\org-openide-filesystems-compat8_fr.jar;C:\Program Files\NetBeans 8.2\platform\core\locale\org-openide-filesystems-compat8_it.jar;C:\Program Files\NetBeans 8.2\platform\core\locale\org-openide-filesystems_ar_SA.jar;C:\Program Files\NetBeans 8.2\platform\core\locale\org-openide-filesystems_bg.jar;C:\Program Files\NetBeans 8.2\platform\core\locale\org-openide-filesystems_ca.jar;C:\Program Files\NetBeans 8.2\platform\core\locale\org-openide-filesystems_cs.jar;C:\Program Files\NetBeans 8.2\platform\core\locale\org-openide-filesystems_de.jar;C:\Program Files\NetBeans 8.2\platform\core\locale\org-openide-filesystems_es.jar;C:\Program Files\NetBeans 8.2\platform\core\locale\org-openide-filesystems_fr.jar;C:\Program Files\NetBeans 8.2\platform\core\locale\org-openide-filesystems_gl_ES.jar;C:\Program Files\NetBeans 8.2\platform\core\locale\org-openide-filesystems_in_ID.jar;C:\Program Files\NetBeans 8.2\platform\core\locale\org-openide-filesystems_it.jar;C:\Program Files\NetBeans 8.2\platform\core\locale\org-openide-filesystems_ko.jar;C:\Program Files\NetBeans 8.2\platform\core\locale\org-openide-filesystems_nl_NL.jar;C:\Program Files\NetBeans 8.2\platform\core\locale\org-openide-filesystems_pl.jar;C:\Program Files\NetBeans 8.2\platform\core\locale\org-openide-filesystems_pt_PT.jar;C:\Program Files\NetBeans 8.2\platform\core\locale\org-openide-filesystems_ro.jar;C:\Program Files\NetBeans 8.2\platform\core\locale\org-openide-filesystems_si.jar;C:\Program Files\NetBeans 8.2\platform\core\locale\org-openide-filesystems_sq.jar;C:\Program Files\NetBeans 8.2\platform\core\locale\org-openide-filesystems_sv.jar;C:\Program Files\NetBeans 8.2\platform\core\locale\org-openide-filesystems_tr.jar;C:\Program Files\NetBeans 8.2\platform\core\locale\org-openide-filesystems_zh_TW.jar;C:\Program Files\NetBeans 8.2\nb\core\org-netbeans-upgrader.jar;C:\Program Files\NetBeans 8.2\nb\core\locale\core_nb.jar;C:\Program Files\NetBeans 8.2\nb\core\locale\core_nb_ca.jar;C:\Program Files\NetBeans 8.2\nb\core\locale\core_nb_de.jar;C:\Program Files\NetBeans 8.2\nb\core\locale\core_nb_es.jar;C:\Program Files\NetBeans 8.2\nb\core\locale\core_nb_fr.jar;C:\Program Files\NetBeans 8.2\nb\core\locale\core_nb_gl_ES.jar;C:\Program Files\NetBeans 8.2\nb\core\locale\core_nb_it.jar;C:\Program Files\NetBeans 8.2\nb\core\locale\core_nb_ko.jar;C:\Program Files\NetBeans 8.2\nb\core\locale\core_nb_nl_NL.jar;C:\Program Files\NetBeans 8.2\nb\core\locale\core_nb_sv.jar;C:\Program Files\NetBeans 8.2\nb\core\locale\core_nb_tr.jar;C:\Program Files\NetBeans 8.2\nb\core\locale\core_nb_zh_TW.jar;C:\Program Files\NetBeans 8.2\nb\core\locale\org-netbeans-upgrader_ca.jar;C:\Program Files\NetBeans 8.2\nb\core\locale\org-netbeans-upgrader_de.jar;C:\Program Files\NetBeans 8.2\nb\core\locale\org-netbeans-upgrader_es.jar;C:\Program Files\NetBeans 8.2\nb\core\locale\org-netbeans-upgrader_fr.jar;C:\Program Files\NetBeans 8.2\nb\core\locale\org-netbeans-upgrader_gl_ES.jar;C:\Program Files\NetBeans 8.2\nb\core\locale\org-netbeans-upgrader_it.jar;C:\Program Files\NetBeans 8.2\nb\core\locale\org-netbeans-upgrader_ko.jar;C:\Program Files\NetBeans 8.2\nb\core\locale\org-netbeans-upgrader_nl_NL.jar;C:\Program Files\NetBeans 8.2\nb\core\locale\org-netbeans-upgrader_sv.jar;C:\Program Files\NetBeans 8.2\nb\core\locale\org-netbeans-upgrader_tr.jar;C:\Program Files\NetBeans 8.2\nb\core\locale\org-netbeans-upgrader_zh_TW.jar" />
    <property name="java.vm.specification.version" value="1.8" />
    <property name="libs.hibernate4-support.src" value="" />
    <property name="file.reference.itextpdf-5.4.3.jar-1" value="jars\itextpdf-5.4.3.jar" />
    <property name="netbeans.productversion" value="NetBeans IDE 8.2 (Build 201610071157)" />
    <property name="libs.jaxws21.src" value="" />
    <property name="do.archive" value="true" />
    <property name="netbeans.autoupdate.language" value="en" />
    <property name="java.vendor" value="Oracle Corporation" />
    <property name="file.reference.JTattoo-1.6.11.jar-1" value="jars\JTattoo-1.6.11.jar" />
    <property name="jar.index.metainf" value="false" />
    <property name="javac.debug" value="true" />
    <property name="javadoc.splitindex" value="true" />
    <property name="file.separator" value="\" />
    <property name="libs.junit_4.maven-pom" value="" />
    <property name="mkdist.disabled" value="false" />
    <property name="javac.test.processorpath" value="jars\JTattoo-1.6.11.jar:jars\mysql-connector-java-5.1.48.jar:jars/jcalendar-1.4.jar:jars\junit-jupiter-5.5.2.jar:jars\junit-4.10.jar:C:\Users\Oscar\Documents\USAC\IPC\IPC\Proyecto2\itextpdf-5.4.3.jar:jars\itextpdf-5.4.3.jar:build/classes" />
    <property name="netbeans.buildnumber" value="201610071157" />
    <property name="libs.JWSAntTasks.javadoc" value="" />
    <property name="build.generated.sources.dir" value="build/generated-sources" />
    <property name="user.variant" value="" />
    <property name="libs.eclipselinkmodelgen.classpath" value="C:\Program Files\NetBeans 8.2\java\modules\ext\eclipselink\org.eclipse.persistence.jpa.modelgen_2.5.2.v20140319-9ad6abd.jar" />
    <property name="sun.java.launcher" value="SUN_STANDARD" />
    <property name="libs.hibernate4-persistencemodelgen.javadoc" value="" />
    <property name="libs.jaxb.javadoc" value="C:\Program Files\NetBeans 8.2\ide\docs\jaxb-api-doc.zip" />
    <property name="org.openide.awt.SwingBrowserImpl.do-not-block-awt" value="false" />
    <property name="ant.home" value="C:\Program Files\NetBeans 8.2\extide\ant" />
    <property name="libs.junit_4.src" value="C:\Program Files\NetBeans 8.2\platform\docs\junit-4.12-sources.jar" />
    <property name="libs.testng.classpath" value="C:\Program Files\NetBeans 8.2\platform\modules\ext\testng-6.8.1-dist.jar" />
    <property name="libs.absolutelayout.maven-pom" value="" />
    <property name="ant.java.version" value="1.8" />
    <property name="java.library.path" value="C:\Program Files\Java\jdk1.8.0_162\jre\bin;C:\WINDOWS\Sun\Java\bin;C:\WINDOWS\system32;C:\WINDOWS;C:\app\Fher\product\18.0.0\dbhomeXE\bin;C:\Program Files (x86)\Common Files\Oracle\Java\javapath;C:\ProgramData\Oracle\Java\javapath;C:\Windows\system32;C:\Windows;C:\Windows\System32\Wbem;C:\Windows\System32\WindowsPowerShell\v1.0\;C:\Program Files (x86)\NVIDIA Corporation\PhysX\Common;C:\WINDOWS\system32;C:\WINDOWS;C:\WINDOWS\System32\Wbem;C:\WINDOWS\System32\WindowsPowerShell\v1.0\;C:\Program Files\dotnet\;C:\Program Files\Microsoft SQL Server\130\Tools\Binn\;C:\Program Files (x86)\Graphviz2.38\bin;C:\WINDOWS\System32\OpenSSH\;C:\Program Files\Intel\WiFi\bin\;C:\Program Files\Common Files\Intel\WirelessCommon\;C:\Program Files\Microsoft VS Code\bin;C:\Program Files\Git\cmd;C:\javacc 6.0\bin;C:\javacc 5.0\bin;C:\Program Files\Microsoft SQL Server\Client SDK\ODBC\130\Tools\Binn\;C:\Program Files (x86)\Microsoft SQL Server\140\Tools\Binn\;C:\Program Files\Microsoft SQL Server\140\Tools\Binn\;C:\Program Files\Microsoft SQL Server\140\DTS\Binn\;C:\Program Files (x86)\Microsoft SQL Server\Client SDK\ODBC\130\Tools\Binn\;C:\Program Files (x86)\Microsoft SQL Server\140\DTS\Binn\;C:\Program Files (x86)\Microsoft SQL Server\140\Tools\Binn\ManagementStudio\;C:\PostgreSQL\pg10\bin;C:\Program Files\NASM;C:\flex_bison;C:\Program Files\nodejs\;C:\Program Files\PuTTY\;C:\Program Files\NVIDIA Corporation\NVIDIA NvDLISR;C:\WINDOWS\system32;C:\WINDOWS;C:\WINDOWS\System32\Wbem;C:\WINDOWS\System32\WindowsPowerShell\v1.0\;C:\WINDOWS\System32\OpenSSH\;C:\Program Files (x86)\Intel\Intel(R) Management Engine Components\DAL;C:\Program Files\Intel\Intel(R) Management Engine Components\DAL;C:\ProgramData\chocolatey\bin;C:\Program Files (x86)\BioSecurity\MainResource\postgresql\bin;C:\Go\bin;C:\Users\ferhj\AppData\Local\Programs\Python\Python37-32\Scripts\;C:\Users\ferhj\AppData\Local\Programs\Python\Python37-32\;C:\Users\ferhj\AppData\Local\Microsoft\WindowsApps;C:\Program Files\Microsoft VS Code\bin;C:\Users\ferhj\AppData\Local\atom\bin;C:\flex_bison;;C:\Program Files\Docker Toolbox;C:\Program Files\JetBrains\WebStorm 2018.3.5\bin;;C:\Users\ferhj\AppData\Roaming\npm;C:\Users\ferhj\AppData\Local\Microsoft\WindowsApps;C:\Users\ferhj\AppData\Local\hyper\app-3.0.2\resources\bin;C:\Program Files\JetBrains\IntelliJ IDEA Community Edition 2019.2.2\bin;;C:\Users\ferhj\go\bin;." />
    <property name="javadoc.author" value="false" />
    <property name="java.util.logging.config.class" value="org.netbeans.core.startup.TopLogging" />
    <property name="libs.spring-framework400.src" value="" />
    <property name="libs.PostgreSQLDriver.src" value="" />
    <property name="file.reference.junit-4.10.jar" value="jars\junit-4.10.jar" />
    <property name="sun.arch.data.model" value="64" />
    <property name="basedir" value="C:\Users\ferhj\Desktop\-AyD1-Practica2\Practica2" />
    <property name="libs.jpa20-persistence.maven-pom" value="" />
    <property name="jar.compress" value="false" />
    <property name="path.separator" value=";" />
    <property name="ant.junit.enabletestlistenerevents" value="true" />
    <property name="sun.io.unicode.encoding" value="UnicodeLittle" />
    <property name="libs.jaxws21.classpath" value="C:\Program Files\NetBeans 8.2\ide\modules\ext\jaxb\jaxb-impl.jar;C:\Program Files\NetBeans 8.2\ide\modules\ext\jaxb\jaxb-xjc.jar;C:\Program Files\NetBeans 8.2\java\modules\ext\jaxws22\FastInfoset.jar;C:\Program Files\NetBeans 8.2\java\modules\ext\jaxws22\gmbal-api-only.jar;C:\Program Files\NetBeans 8.2\java\modules\ext\jaxws22\ha-api.jar;C:\Program Files\NetBeans 8.2\java\modules\ext\jaxws22\javax.mail_1.4.jar;C:\Program Files\NetBeans 8.2\java\modules\ext\jaxws22\jaxws-rt.jar;C:\Program Files\NetBeans 8.2\java\modules\ext\jaxws22\jaxws-tools.jar;C:\Program Files\NetBeans 8.2\java\modules\ext\jaxws22\management-api.jar;C:\Program Files\NetBeans 8.2\java\modules\ext\jaxws22\mimepull.jar;C:\Program Files\NetBeans 8.2\java\modules\ext\jaxws22\policy.jar;C:\Program Files\NetBeans 8.2\java\modules\ext\jaxws22\saaj-impl.jar;C:\Program Files\NetBeans 8.2\java\modules\ext\jaxws22\stax-ex.jar;C:\Program Files\NetBeans 8.2\java\modules\ext\jaxws22\stax2-api.jar;C:\Program Files\NetBeans 8.2\java\modules\ext\jaxws22\streambuffer.jar;C:\Program Files\NetBeans 8.2\java\modules\ext\jaxws22\woodstox-core-asl.jar;C:\Program Files\NetBeans 8.2\java\modules\ext\jaxws22\api\jaxws-api.jar;C:\Program Files\NetBeans 8.2\java\modules\ext\jaxws22\api\jsr181-api.jar;C:\Program Files\NetBeans 8.2\java\modules\ext\jaxws22\api\javax.annotation.jar;C:\Program Files\NetBeans 8.2\java\modules\ext\jaxws22\api\saaj-api.jar;C:\Program Files\NetBeans 8.2\ide\modules\ext\jaxb\activation.jar;C:\Program Files\NetBeans 8.2\ide\modules\ext\jaxb\api\jaxb-api.jar;C:\Program Files\NetBeans 8.2\ide\modules\ext\jaxb\api\jsr173_1.0_api.jar" />
    <property name="compile.on.save" value="true" />
    <property name="apple.awt.graphics.UseQuartz" value="true" />
    <property name="user.language" value="es" />
    <property name="testng.mode" value="testng" />
    <property name="libs.JAXB-ENDORSED.maven-pom" value="" />
    <property name="libs.eclipselink.maven-pom" value="" />
    <property name="test.binaryincludes" value="&lt;nothing&gt;" />
    <property name="manifest.available" value="true" />
    <property name="libs.spring-framework300.maven-pom" value="" />
    <property name="run.test.classpath" value="jars\JTattoo-1.6.11.jar:jars\mysql-connector-java-5.1.48.jar:jars/jcalendar-1.4.jar:jars\junit-jupiter-5.5.2.jar:jars\junit-4.10.jar:C:\Users\Oscar\Documents\USAC\IPC\IPC\Proyecto2\itextpdf-5.4.3.jar:jars\itextpdf-5.4.3.jar:build/classes:build/test/classes" />
    <property name="ant.project.invoked-targets" value="test" />
    <property name="test.binaryexcludes" value="" />
    <property name="libs.swing-layout.javadoc" value="C:\Program Files\NetBeans 8.2\platform\docs\swing-layout-1.0.4-doc.zip" />
    <property name="sun.java2d.dpiaware" value="true" />
    <property name="libs.hibernate4-persistence.maven-pom" value="" />
    <property name="https.nonProxyHosts" value="localhost|127.0.0.1|FHER" />
    <property name="libs.PostgreSQLDriver.maven-pom" value="" />
    <property name="java.class.version" value="52.0" />
    <property name="libs.JAVADB_DRIVER_LABEL.classpath" value="C:\Program Files\Java\jdk1.8.0_162\db\lib\derby.jar;C:\Program Files\Java\jdk1.8.0_162\db\lib\derbyclient.jar;C:\Program Files\Java\jdk1.8.0_162\db\lib\derbynet.jar" />
    <property name="libs.hibernate4-persistencemodelgen.maven-pom" value="" />
    <property name="libs.eclipselink.javadoc" value="C:\Program Files\NetBeans 8.2\java\modules\ext\docs\javax.persistence-2.1.0-doc.zip" />
    <property name="user.properties.file" value="C:\Users\ferhj\AppData\Roaming\NetBeans\8.2\build.properties" />
    <property name="runtime.encoding" value="UTF-8" />
    <property name="libs.javac-api.maven-pom" value="" />
    <property name="file.encoding.pkg" value="sun.io" />
    <property name="sun.cpu.endian" value="little" />
    <property name="libs.JAXB-ENDORSED.javadoc" value="" />
    <property name="libs.JWSAntTasks.classpath" value="C:\Program Files\NetBeans 8.2\java\ant\extra\org-netbeans-modules-javawebstart-anttasks.jar" />
    <property name="libs.spring-framework300.src" value="" />
    <property name="empty.dir" value="C:\Users\ferhj\Desktop\-AyD1-Practica2\Practica2\build\empty" />
    <property name="version-output" value="java version &quot;1.8" />
    <property name="test.binarytestincludes" value="" />
    <property name="libs.hibernate4-persistencemodelgen.src" value="" />
    <property name="javadoc.preview" value="true" />
    <property name="libs.jpa20-persistence.javadoc" value="C:\Program Files\NetBeans 8.2\java\modules\ext\docs\javax.persistence-2.1.0-doc.zip" />
    <property name="file.reference.itextpdf-5.4.3.jar" value="C:\Users\Oscar\Documents\USAC\IPC\IPC\Proyecto2\itextpdf-5.4.3.jar" />
    <property name="java.home" value="C:\Program Files\Java\jdk1.8.0_162\jre" />
    <property name="debug.test.classpath" value="jars\JTattoo-1.6.11.jar:jars\mysql-connector-java-5.1.48.jar:jars/jcalendar-1.4.jar:jars\junit-jupiter-5.5.2.jar:jars\junit-4.10.jar:C:\Users\Oscar\Documents\USAC\IPC\IPC\Proyecto2\itextpdf-5.4.3.jar:jars\itextpdf-5.4.3.jar:build/classes:build/test/classes" />
    <property name="netbeans.importclass" value="org.netbeans.upgrade.AutoUpgrade" />
    <property name="ant.project.default-target" value="default" />
    <property name="annotation.processing.run.all.processors" value="true" />
    <property name="libs.PostgreSQLDriver.javadoc" value="" />
    <property name="libs.MySQLDriver.maven-pom" value="" />
    <property name="libs.hibernate4-persistence.javadoc" value="C:\Program Files\NetBeans 8.2\java\modules\ext\docs\javax.persistence-2.1.0-doc.zip" />
    <property name="http.nonProxyHosts" value="localhost|127.0.0.1|FHER" />
    <property name="libs.junit_4.javadoc" value="C:\Program Files\NetBeans 8.2\platform\docs\junit-4.12-javadoc.jar" />
    <property name="run.classpath" value="jars\JTattoo-1.6.11.jar:jars\mysql-connector-java-5.1.48.jar:jars/jcalendar-1.4.jar:jars\junit-jupiter-5.5.2.jar:jars\junit-4.10.jar:C:\Users\Oscar\Documents\USAC\IPC\IPC\Proyecto2\itextpdf-5.4.3.jar:jars\itextpdf-5.4.3.jar:build/classes" />
    <property name="jna.boot.library.name" value="jnidispatch-422" />
    <property name="sun.awt.datatransfer.timeout" value="1000" />
    <property name="libs.jpa2-persistence.maven-pom" value="" />
    <property name="ant.file.Practica2-impl" value="C:\Users\ferhj\Desktop\-AyD1-Practica2\Practica2\nbproject\build-impl.xml" />
    <property name="annotation.processing.enabled.in.editor" value="false" />
    <property name="libs.hibernate4-support.classpath" value="C:\Program Files\NetBeans 8.2\java\modules\ext\hibernate4\antlr-2.7.7.jar;C:\Program Files\NetBeans 8.2\java\modules\ext\hibernate4\c3p0-0.9.2.1.jar;C:\Program Files\NetBeans 8.2\java\modules\ext\hibernate4\hibernate-c3p0-4.3.1.Final.jar;C:\Program Files\NetBeans 8.2\java\modules\ext\hibernate4\mchange-commons-java-0.2.3.4.jar;C:\Program Files\NetBeans 8.2\java\modules\ext\hibernate4\dom4j-1.6.1.jar;C:\Program Files\NetBeans 8.2\java\modules\ext\hibernate4\ehcache-core-2.4.3.jar;C:\Program Files\NetBeans 8.2\java\modules\ext\hibernate4\hibernate-ehcache-4.3.1.Final.jar;C:\Program Files\NetBeans 8.2\java\modules\ext\hibernate4\hibernate-core-4.3.1.Final.jar;C:\Program Files\NetBeans 8.2\java\modules\ext\hibernate4\jboss-logging-3.1.3.GA.jar;C:\Program Files\NetBeans 8.2\java\modules\ext\hibernate4\hibernate-commons-annotations-4.0.4.Final.jar;C:\Program Files\NetBeans 8.2\java\modules\ext\hibernate4\hibernate-entitymanager-4.3.1.Final.jar;C:\Program Files\NetBeans 8.2\java\modules\ext\hibernate4\javassist-3.18.1-GA.jar;C:\Program Files\NetBeans 8.2\java\modules\ext\hibernate4\jboss-transaction-api_1.2_spec-1.0.0.Final.jar;C:\Program Files\NetBeans 8.2\java\modules\ext\hibernate4\slf4j-api-1.6.1.jar;C:\Program Files\NetBeans 8.2\java\modules\ext\hibernate4\slf4j-simple-1.6.1.jar" />
    <property name="nb.native.filechooser" value="false" />
    <property name="ant.file.type.Practica2" value="file" />
    <property name="sun.management.compiler" value="HotSpot 64-Bit Tiered Compilers" />
    <property name="javac.deprecation" value="false" />
    <property name="javadoc.use" value="true" />
    <property name="sun.java2d.noddraw" value="true" />
    <property name="javac.processorpath" value="jars\JTattoo-1.6.11.jar:jars\mysql-connector-java-5.1.48.jar:jars/jcalendar-1.4.jar:jars\junit-jupiter-5.5.2.jar:jars\junit-4.10.jar:C:\Users\Oscar\Documents\USAC\IPC\IPC\Proyecto2\itextpdf-5.4.3.jar:jars\itextpdf-5.4.3.jar" />
    <property name="libs.hamcrest.maven-pom" value="" />
    <property name="javac.compilerargs" value="" />
    <property name="ant.file" value="C:\Users\ferhj\Desktop\-AyD1-Practica2\Practica2\build.xml" />
    <property name="libs.beans-binding.maven-pom" value="" />
    <property name="libs.hibernate4-support.javadoc" value="C:\Program Files\NetBeans 8.2\java\modules\ext\docs\javax.persistence-2.1.0-doc.zip" />
    <property name="libs.beans-binding.src" value="" />
    <property name="java.vm.specification.vendor" value="Oracle Corporation" />
    <property name="libs.swing-layout.src" value="C:\Program Files\NetBeans 8.2\platform\docs\swing-layout-1.0.4-src.zip" />
    <property name="org.openide.major.version" value="IDE/1" />
    <property name="java.vm.name" value="Java HotSpot(TM) 64-Bit Server VM" />
    <property name="netbeans.user" value="C:\Users\ferhj\AppData\Roaming\NetBeans\8.2" />
    <property name="tests.failed" value="true" />
    <property name="javadoc.additionalparam" value="" />
    <property name="java.io.tmpdir" value="C:\Users\ferhj\AppData\Local\Temp\" />
    <property name="java.vendor.url" value="http://java.oracle.com/" />
    <property name="endorsed.classpath.cmd.line.arg" value="" />
    <property name="jna.loaded" value="true" />
    <property name="junit.available" value="true" />
    <property name="sun.boot.library.path" value="C:\Program Files\Java\jdk1.8.0_162\jre\bin" />
    <property name="have.sources" value="true" />
    <property name="libs.hamcrest.javadoc" value="" />
    <property name="debug.classpath" value="jars\JTattoo-1.6.11.jar:jars\mysql-connector-java-5.1.48.jar:jars/jcalendar-1.4.jar:jars\junit-jupiter-5.5.2.jar:jars\junit-4.10.jar:C:\Users\Oscar\Documents\USAC\IPC\IPC\Proyecto2\itextpdf-5.4.3.jar:jars\itextpdf-5.4.3.jar:build/classes" />
    <property name="javac.external.vm" value="true" />
    <property name="javadoc.private" value="false" />
    <property name="test.src.dir" value="test" />
    <property name="ap.processors.internal" value="" />
    <property name="meta.inf.dir" value="src/META-INF" />
    <property name="javadoc.encoding.used" value="UTF-8" />
    <property name="dist.jar" value="dist/Practica2.jar" />
    <property name="libs.spring-framework400.maven-pom" value="" />
    <property name="java.runtime.name" value="Java(TM) SE Runtime Environment" />
    <property name="ant.project.name" value="Practica2" />
    <property name="ant.file.Practica2" value="C:\Users\ferhj\Desktop\-AyD1-Practica2\Practica2\build.xml" />
    <property name="netbeans.hash.code" value="unique=NB_EXTIDE_JAVA08e272788-c010-439a-9b23-89bd13dab790_cda7d1f5-2ad1-4123-a784-fd1f7556d2cc" />
    <property name="netbeans.default_userdir_root" value="C:\Users\ferhj\AppData\Roaming\NetBeans" />
    <property name="sun.cpu.isalist" value="amd64" />
    <property name="libs.spring-framework400.javadoc" value="" />
    <property name="libs.CopyLibs.javadoc" value="" />
    <property name="org.openide.specification.version" value="6.2" />
    <property name="user.home" value="C:\Users\ferhj" />
    <property name="annotation.processing.processors.list" value="" />
    <property name="debug-args-line" value="-Xdebug" />
    <property name="libs.JWSAntTasks.src" value="" />
    <property name="jar.index" value="false" />
    <property name="libs.CopyLibs.maven-pom" value="" />
    <property name="libs.spring-framework300.javadoc" value="" />
    <property name="libs.absolutelayout.javadoc" value="" />
    <property name="java.specification.name" value="Java Platform API Specification" />
    <property name="do.archive+main.class.available" value="true" />
    <property name="java.specification.vendor" value="Oracle Corporation" />
    <property name="libs.javac-api.classpath" value="C:\Program Files\NetBeans 8.2\java\modules\ext\nb-javac-api.jar" />
    <property name="java.version" value="1.8.0_162" />
    <property name="run.jvmargs.ide" value="" />
    <property name="javadoc.version" value="false" />
    <property name="libs.MySQLDriver.javadoc" value="" />
    <property name="org.openide.version" value="deprecated" />
    <property name="platform.java" value="C:\Program Files\Java\jdk1.8.0_162\jre/bin/java" />
    <property name="source.encoding" value="UTF-8" />
    <property name="ap.cmd.line.internal" value="" />
    <property name="libs.eclipselinkmodelgen.maven-pom" value="" />
    <property name="libs.eclipselinkmodelgen.javadoc" value="" />
    <property name="file.reference.junit-jupiter-5.5.2.jar" value="jars\junit-jupiter-5.5.2.jar" />
    <property name="netbeans.home+have.tests" value="true" />
    <property name="annotation.processing.processor.options" value="" />
    <property name="libs.testng.maven-pom" value="" />
    <property name="libs.jaxb.src" value="" />
    <property name="jdk.launcher.addexports.5" value="java.management/sun.management=ALL-UNNAMED" />
    <property name="jdk.launcher.addexports.4" value="java.desktop/com.sun.java.swing.plaf.windows=ALL-UNNAMED" />
    <property name="jdk.launcher.addexports.3" value="java.desktop/sun.awt.im=ALL-UNNAMED" />
    <property name="work.dir" value="C:\Users\ferhj\Desktop\-AyD1-Practica2\Practica2" />
    <property name="jdk.launcher.addexports.2" value="java.desktop/java.awt.peer=ALL-UNNAMED" />
    <property name="libs.jaxb.classpath" value="C:\Program Files\NetBeans 8.2\ide\modules\ext\jaxb\jaxb-impl.jar;C:\Program Files\NetBeans 8.2\ide\modules\ext\jaxb\jaxb-xjc.jar;C:\Program Files\NetBeans 8.2\ide\modules\ext\jaxb\jaxb1-impl.jar;C:\Program Files\NetBeans 8.2\ide\modules\ext\jaxb\activation.jar;C:\Program Files\NetBeans 8.2\ide\modules\ext\jaxb\api\jaxb-api.jar;C:\Program Files\NetBeans 8.2\ide\modules\ext\jaxb\api\jsr173_1.0_api.jar" />
    <property name="jdk.launcher.addexports.1" value="java.base/jdk.internal.jrtfs=ALL-UNNAMED" />
    <property name="jdk.launcher.addexports.0" value="java.desktop/sun.awt=ALL-UNNAMED" />
    <property name="php.global.include.path" value="" />
    <property name="do.depend" value="false" />
    <property name="dist.javadoc.dir" value="dist/javadoc" />
    <property name="libs.swing-layout.classpath" value="C:\Program Files\NetBeans 8.2\platform\modules\ext\swing-layout-1.0.4.jar" />
    <property name="build.generated.dir" value="build/generated" />
    <property name="javac.source" value="1.8" />
    <property name="line.separator" value="&#xd;&#xa;" />
    <property name="java.specification.version" value="1.8" />
    <property name="libs.jaxws21.maven-pom" value="" />
    <property name="java.vm.info" value="mixed mode" />
    <property name="nb.junit.batch" value="true" />
    <property name="junit.forkmode" value="perTest" />
    <property name="sun.boot.class.path" value="C:\Program Files\Java\jdk1.8.0_162\jre\lib\resources.jar;C:\Program Files\Java\jdk1.8.0_162\jre\lib\rt.jar;C:\Program Files\Java\jdk1.8.0_162\jre\lib\sunrsasign.jar;C:\Program Files\Java\jdk1.8.0_162\jre\lib\jsse.jar;C:\Program Files\Java\jdk1.8.0_162\jre\lib\jce.jar;C:\Program Files\Java\jdk1.8.0_162\jre\lib\charsets.jar;C:\Program Files\Java\jdk1.8.0_162\jre\lib\jfr.jar;C:\Program Files\Java\jdk1.8.0_162\jre\classes" />
    <property name="javac.target" value="1.8" />
    <property name="built-jar.properties" value="C:\Users\ferhj\Desktop\-AyD1-Practica2\Practica2\build\built-jar.properties" />
    <property name="build.test.classes.dir" value="build/test/classes" />
    <property name="src.dir" value="src" />
    <property name="annotation.processing.enabled" value="true" />
    <property name="libs.jpa2-persistence.src" value="" />
    <property name="sun.awt.keepWorkingSetOnMinimize" value="true" />
    <property name="libs.jpa20-persistence.src" value="" />
    <property name="libs.JAVADB_DRIVER_LABEL.maven-pom" value="" />
    <property name="dist.dir" value="dist" />
    <property name="testng.debug.mode" value="" />
    <property name="javac.fork" value="true" />
    <property name="java.awt.printerjob" value="sun.awt.windows.WPrinterJob" />
    <property name="default.javac.source" value="1.8" />
    <property name="debug-transport-by-os" value="dt_shmem" />
    <property name="libs.MySQLDriver.src" value="" />
    <property name="sun.jnu.encoding" value="Cp1252" />
    <property name="java.runtime.version" value="1.8.0_162-b12" />
    <property name="build.test.results.dir" value="build/test/results" />
    <property name="default.javac.target" value="1.8" />
    <property name="libs.junit_4.classpath" value="C:\Program Files\NetBeans 8.2\platform\modules\ext\junit-4.12.jar" />
    <property name="user.timezone" value="" />
    <property name="nb.junit.single" value="false" />
    <property name="libs.JAVADB_DRIVER_LABEL.javadoc" value="" />
    <property name="netbeans.dirs" value="C:\Program Files\NetBeans 8.2\nb;C:\Program Files\NetBeans 8.2\ergonomics;C:\Program Files\NetBeans 8.2\ide;C:\Program Files\NetBeans 8.2\extide;C:\Program Files\NetBeans 8.2\java;C:\Program Files\NetBeans 8.2\apisupport;C:\Program Files\NetBeans 8.2\webcommon;C:\Program Files\NetBeans 8.2\websvccommon;C:\Program Files\NetBeans 8.2\enterprise;C:\Program Files\NetBeans 8.2\mobility;C:\Program Files\NetBeans 8.2\profiler;C:\Program Files\NetBeans 8.2\python;C:\Program Files\NetBeans 8.2\php;C:\Program Files\NetBeans 8.2\identity;C:\Program Files\NetBeans 8.2\harness;C:\Program Files\NetBeans 8.2\cnd;C:\Program Files\NetBeans 8.2\cndext;C:\Program Files\NetBeans 8.2\dlight;C:\Program Files\NetBeans 8.2\groovy;C:\Program Files\NetBeans 8.2\extra;C:\Program Files\NetBeans 8.2\javacard;C:\Program Files\NetBeans 8.2\javafx" />
    <property name="java.ext.dirs" value="C:\Program Files\Java\jdk1.8.0_162\jre\lib\ext;C:\WINDOWS\Sun\Java\lib\ext" />
    <property name="libs.absolutelayout.classpath" value="C:\Program Files\NetBeans 8.2\java\modules\ext\AbsoluteLayout.jar" />
    <property name="excludes" value="" />
    <property name="libs.jpa2-persistence.javadoc" value="C:\Program Files\NetBeans 8.2\java\modules\ext\docs\javax.persistence-2.1.0-doc.zip" />
    <property name="java.class.path" value="C:\Users\ferhj\Desktop\-AyD1-Practica2\Practica2\jars\JTattoo-1.6.11.jar;C:\Users\ferhj\Desktop\-AyD1-Practica2\Practica2\jars\mysql-connector-java-5.1.48.jar;C:\Users\ferhj\Desktop\-AyD1-Practica2\Practica2\jars\jcalendar-1.4.jar;C:\Users\ferhj\Desktop\-AyD1-Practica2\Practica2\jars\junit-4.10.jar;C:\Users\ferhj\Desktop\-AyD1-Practica2\Practica2\jars\itextpdf-5.4.3.jar;C:\Users\ferhj\Desktop\-AyD1-Practica2\Practica2\build\classes;C:\Users\ferhj\Desktop\-AyD1-Practica2\Practica2\build\test\classes;C:\Users\ferhj\Desktop\-AyD1-Practica2\Practica2;C:\PROGRA~2\JMF2.1.1e\lib\sound.jar;C:\PROGRA~2\JMF2.1.1e\lib\jmf.jar;C:\PROGRA~2\JMF2.1.1e\lib;C:\Program Files\NetBeans 8.2\extide\ant\lib\ant-launcher.jar;C:\Program Files\NetBeans 8.2\extide\ant\lib\ant.jar;C:\Program Files\NetBeans 8.2\extide\ant\lib\ant-junit.jar;C:\Program Files\NetBeans 8.2\extide\ant\lib\ant-junit4.jar;C:\Users\ferhj\AppData\Roaming\NetBeans\8.2\modules\ext\jacocoagent.jar" />
    <property name="apple.laf.useScreenMenuBar" value="true" />
    <property name="do.mkdist" value="true" />
    <property name="libs.absolutelayout.src" value="" />
    <property name="libs.jpa20-persistence.classpath" value="C:\Program Files\NetBeans 8.2\java\modules\ext\eclipselink\javax.persistence_2.1.0.v201304241213.jar" />
    <property name="os.version" value="10.0" />
    <property name="application.args" value="" />
    <property name="sun.awt.enableExtraMouseButtons" value="true" />
    <property name="main.class.available" value="true" />
    <property name="sun.desktop" value="windows" />
    <property name="libs.hibernate4-persistence.src" value="" />
    <property name="libs.hibernate4-support.maven-pom" value="" />
    <property name="libs.JAXB-ENDORSED.classpath" value="C:\Program Files\NetBeans 8.2\ide\modules\ext\jaxb\api\jaxb-api.jar" />
    <property name="libs.eclipselink.classpath" value="C:\Program Files\NetBeans 8.2\java\modules\ext\eclipselink\eclipselink.jar;C:\Program Files\NetBeans 8.2\java\modules\ext\eclipselink\javax.persistence_2.1.0.v201304241213.jar;C:\Program Files\NetBeans 8.2\java\modules\ext\eclipselink\org.eclipse.persistence.jpa.jpql_2.5.2.v20140319-9ad6abd.jar" />
    <property name="libs.beans-binding.javadoc" value="C:\Program Files\NetBeans 8.2\java\docs\beansbinding-1.2.1-doc.zip" />
    <property name="java.awt.graphicsenv" value="sun.awt.Win32GraphicsEnvironment" />
    <property name="java.vm.vendor" value="Oracle Corporation" />
    <property name="libs.CopyLibs.classpath" value="C:\Program Files\NetBeans 8.2\java\ant\extra\org-netbeans-modules-java-j2seproject-copylibstask.jar" />
    <property name="libs.spring-framework300.classpath" value="C:\Program Files\NetBeans 8.2\ide\modules\org-apache-commons-logging.jar;C:\Program Files\NetBeans 8.2\java\modules\ext\cglib-2.2.jar;C:\Program Files\NetBeans 8.2\java\modules\ext\spring-3.0\spring-aop-3.2.7.RELEASE.jar;C:\Program Files\NetBeans 8.2\java\modules\ext\spring-3.0\spring-aspects-3.2.7.RELEASE.jar;C:\Program Files\NetBeans 8.2\java\modules\ext\spring-3.0\spring-beans-3.2.7.RELEASE.jar;C:\Program Files\NetBeans 8.2\java\modules\ext\spring-3.0\spring-build-src-3.2.7.RELEASE.jar;C:\Program Files\NetBeans 8.2\java\modules\ext\spring-3.0\spring-context-3.2.7.RELEASE.jar;C:\Program Files\NetBeans 8.2\java\modules\ext\spring-3.0\spring-context-support-3.2.7.RELEASE.jar;C:\Program Files\NetBeans 8.2\java\modules\ext\spring-3.0\spring-core-3.2.7.RELEASE.jar;C:\Program Files\NetBeans 8.2\java\modules\ext\spring-3.0\spring-expression-3.2.7.RELEASE.jar;C:\Program Files\NetBeans 8.2\java\modules\ext\spring-3.0\spring-framework-bom-3.2.7.RELEASE.jar;C:\Program Files\NetBeans 8.2\java\modules\ext\spring-3.0\spring-instrument-3.2.7.RELEASE.jar;C:\Program Files\NetBeans 8.2\java\modules\ext\spring-3.0\spring-instrument-tomcat-3.2.7.RELEASE.jar;C:\Program Files\NetBeans 8.2\java\modules\ext\spring-3.0\spring-jdbc-3.2.7.RELEASE.jar;C:\Program Files\NetBeans 8.2\java\modules\ext\spring-3.0\spring-jms-3.2.7.RELEASE.jar;C:\Program Files\NetBeans 8.2\java\modules\ext\spring-3.0\spring-orm-3.2.7.RELEASE.jar;C:\Program Files\NetBeans 8.2\java\modules\ext\spring-3.0\spring-oxm-3.2.7.RELEASE.jar;C:\Program Files\NetBeans 8.2\java\modules\ext\spring-3.0\spring-struts-3.2.7.RELEASE.jar;C:\Program Files\NetBeans 8.2\java\modules\ext\spring-3.0\spring-test-3.2.7.RELEASE.jar;C:\Program Files\NetBeans 8.2\java\modules\ext\spring-3.0\spring-tx-3.2.7.RELEASE.jar;C:\Program Files\NetBeans 8.2\java\modules\ext\spring-3.0\spring-web-3.2.7.RELEASE.jar;C:\Program Files\NetBeans 8.2\java\modules\ext\spring-3.0\spring-webmvc-3.2.7.RELEASE.jar;C:\Program Files\NetBeans 8.2\java\modules\ext\spring-3.0\spring-webmvc-portlet-3.2.7.RELEASE.jar" />
    <property name="libs.hamcrest.src" value="" />
    <property name="run.jvmargs" value="  -javaagent:&quot;C:\Users\ferhj\AppData\Roaming\NetBeans\8.2\modules\ext\jacocoagent.jar&quot;=includes=models.*:practica2.*:service.*,destfile=&quot;C:\Users\ferhj\Desktop\-AyD1-Practica2\Practica2\jacoco.exec-503615881425700&quot;" />
    <property name="libs.hibernate4-persistence.classpath" value="C:\Program Files\NetBeans 8.2\java\modules\ext\hibernate4\antlr-2.7.7.jar;C:\Program Files\NetBeans 8.2\java\modules\ext\hibernate4\c3p0-0.9.2.1.jar;C:\Program Files\NetBeans 8.2\java\modules\ext\hibernate4\hibernate-c3p0-4.3.1.Final.jar;C:\Program Files\NetBeans 8.2\java\modules\ext\hibernate4\mchange-commons-java-0.2.3.4.jar;C:\Program Files\NetBeans 8.2\java\modules\ext\hibernate4\dom4j-1.6.1.jar;C:\Program Files\NetBeans 8.2\java\modules\ext\hibernate4\ehcache-core-2.4.3.jar;C:\Program Files\NetBeans 8.2\java\modules\ext\hibernate4\hibernate-ehcache-4.3.1.Final.jar;C:\Program Files\NetBeans 8.2\java\modules\ext\hibernate4\hibernate-core-4.3.1.Final.jar;C:\Program Files\NetBeans 8.2\java\modules\ext\hibernate4\jboss-logging-3.1.3.GA.jar;C:\Program Files\NetBeans 8.2\java\modules\ext\hibernate4\hibernate-commons-annotations-4.0.4.Final.jar;C:\Program Files\NetBeans 8.2\java\modules\ext\hibernate4\hibernate-entitymanager-4.3.1.Final.jar;C:\Program Files\NetBeans 8.2\java\modules\ext\hibernate4\javassist-3.18.1-GA.jar;C:\Program Files\NetBeans 8.2\java\modules\ext\hibernate4\jboss-transaction-api_1.2_spec-1.0.0.Final.jar;C:\Program Files\NetBeans 8.2\java\modules\ext\hibernate4\slf4j-api-1.6.1.jar;C:\Program Files\NetBeans 8.2\java\modules\ext\hibernate4\slf4j-simple-1.6.1.jar;C:\Program Files\NetBeans 8.2\java\modules\ext\hibernate4\hibernate-jpa-2.1-api-1.0.0.Final.jar" />
    <property name="libs.JAXB-ENDORSED.src" value="" />
    <property name="dist.archive.excludes" value="" />
    <property name="libs.testng.javadoc" value="C:\Program Files\NetBeans 8.2\platform\docs\testng-6.8.1-javadoc.zip" />
    <property name="user.script" value="" />
    <property name="libs.PostgreSQLDriver.classpath" value="C:\Program Files\NetBeans 8.2\ide\modules\ext\postgresql-9.4.1209.jar" />
    <property name="libs.hibernate4-persistencemodelgen.classpath" value="C:\Program Files\NetBeans 8.2\java\modules\ext\hibernate4\hibernate-jpamodelgen-4.3.1.Final.jar" />
    <property name="annotation.processing.source.output" value="build/generated-sources/ap-source-output" />
    <property name="main.class" value="practica2.Practica2" />
    <property name="libs.CopyLibs.src" value="" />
    <property name="build.dir" value="build" />
    <property name="ant.version" value="Apache Ant(TM) version 1.9.7 compiled on April 9 2016" />
    <property name="file.encoding" value="Cp1252" />
    <property name="build.classes.excludes" value="**/*.java,**/*.form" />
    <property name="javadoc.nonavbar" value="false" />
    <property name="jdkBug6558476" value="false" />
    <property name="platform.active" value="default_platform" />
    <property name="awt.toolkit" value="sun.awt.windows.WToolkit" />
  </properties>
  <testcase classname="service.ConsultasTest" name="testLogin" time="1.489" />
  <testcase classname="service.ConsultasTest" name="testGetDoctorPorId" time="1.209" />
  <testcase classname="service.ConsultasTest" name="testEliminar_Cita" time="1.129" />
  <testcase classname="service.ConsultasTest" name="testGetPacientePorId" time="1.101" />
  <testcase classname="service.ConsultasTest" name="testModificarCita" time="6.251" />
  <testcase classname="service.ConsultasTest" name="testRegistrar" time="1.694" />
  <testcase classname="service.ConsultasTest" name="testGetCitasid" time="1.228" />
  <testcase classname="service.ConsultasTest" name="testCrearCita" time="1.464" />
  <testcase classname="service.ConsultasTest" name="testGetReporte2" time="3.262" />
  <testcase classname="service.ConsultasTest" name="testGetCitas" time="6.243" />
  <testcase classname="service.ConsultasTest" name="testGetPacientes" time="1.179" />
  <testcase classname="service.ConsultasTest" name="testGetReporte1" time="1.867" />
  <testcase classname="service.ConsultasTest" name="testGetDoctores" time="15.205" />
  <system-out><![CDATA[Inicia el test de la clase Consultas
Inicia el test del metodo ...
login
Conexion Establecida
Finaliza el test del metodo ...
Inicia el test del metodo ...
getDoctorPorId
Conexion Establecida
Finaliza el test del metodo ...
Inicia el test del metodo ...
Eliminar_Cita
Conexion Establecida
Finaliza el test del metodo ...
Inicia el test del metodo ...
getPacientePorId
Conexion Establecida
Finaliza el test del metodo ...
Inicia el test del metodo ...
modificarCita
Conexion Establecida
Finaliza el test del metodo ...
Inicia el test del metodo ...
registrar
Conexion Establecida
Finaliza el test del metodo ...
Inicia el test del metodo ...
getCitasid
Conexion Establecida
Finaliza el test del metodo ...
Inicia el test del metodo ...
crearCita
Conexion Establecida
Finaliza el test del metodo ...
Inicia el test del metodo ...
getReporte2
Conexion Establecida
Finaliza el test del metodo ...
Inicia el test del metodo ...
getCitas
Conexion Establecida
Finaliza el test del metodo ...
Inicia el test del metodo ...
getPacientes
Conexion Establecida
Finaliza el test del metodo ...
Inicia el test del metodo ...
getReporte1
Conexion Establecida
Finaliza el test del metodo ...
Inicia el test del metodo ...
getDoctores
Conexion Establecida
Finaliza el test del metodo ...
Finaliza el test de la clase Consultas
]]></system-out>
  <system-err><![CDATA[]]></system-err>
</testsuite>
