<?xml version="1.0" encoding="UTF-8" ?>
<testsuite errors="1" failures="3" hostname="Corleto" name="service.ConsultasTest" skipped="0" tests="12" time="31.232" timestamp="2019-09-21T04:15:52">
  <properties>
    <property name="default.javac.source" value="1.6" />
    <property name="file.encoding.pkg" value="sun.io" />
    <property name="javac.source" value="1.8" />
    <property name="testng.debug.mode" value="" />
    <property name="java.home" value="C:\Program Files\Java\jdk1.8.0_181\jre" />
    <property name="test.src.dir" value="test" />
    <property name="sun.java2d.dpiaware" value="true" />
    <property name="javadoc.version" value="false" />
    <property name="java.endorsed.dirs" value="C:\Program Files\Java\jdk1.8.0_181\jre\lib\endorsed" />
    <property name="src.dir" value="src" />
    <property name="sun.java2d.noddraw" value="true" />
    <property name="debug-args-line" value="-Xdebug" />
    <property name="netbeans.hash.code" value="unique=NB_CND_EXTIDE_GFMOD_GROOVY_JAVA_JC_MOB_PHP_WEBCOMMON_WEBEE04c15e6b8-27ef-4d1b-b74b-680c90519f15_1433fabe-c675-4800-956a-0dd02ed83028" />
    <property name="build.sysclasspath" value="ignore" />
    <property name="have.sources" value="true" />
    <property name="includes" value="**" />
    <property name="javac.fork" value="true" />
    <property name="source.encoding" value="UTF-8" />
    <property name="file.reference.itextpdf-5.4.3.jar" value="C:\Users\Oscar\Documents\USAC\IPC\IPC\Proyecto2\itextpdf-5.4.3.jar" />
    <property name="sun.os.patch.level" value="" />
    <property name="java.vendor.url" value="http://java.oracle.com/" />
    <property name="java.version" value="1.8.0_181" />
    <property name="nb.show.statistics.ui" value="usageStatisticsEnabled" />
    <property name="javac.debug" value="true" />
    <property name="org.openide.major.version" value="IDE/1" />
    <property name="run.classpath" value="jars\JTattoo-1.6.11.jar:jars\mysql-connector-java-5.1.48.jar:jars/jcalendar-1.4.jar:jars\junit-jupiter-5.5.2.jar:jars\junit-4.10.jar:C:\Users\Oscar\Documents\USAC\IPC\IPC\Proyecto2\itextpdf-5.4.3.jar:build/classes" />
    <property name="java.vendor.url.bug" value="http://bugreport.sun.com/bugreport/" />
    <property name="netbeans.autoupdate.variant" value="" />
    <property name="netbeans.buildnumber" value="201609300101" />
    <property name="ant.project.invoked-targets" value="test" />
    <property name="annotation.processing.run.all.processors" value="true" />
    <property name="manifest.file" value="manifest.mf" />
    <property name="user.name" value="Oscar" />
    <property name="empty.dir" value="C:\Users\Oscar\Documents\USAC\Analisis y diseño\Practica2\-AyD1-Practica2\Practica2\build\empty" />
    <property name="sun.io.unicode.encoding" value="UnicodeLittle" />
    <property name="sun.jnu.encoding" value="Cp1252" />
    <property name="java.runtime.name" value="Java(TM) SE Runtime Environment" />
    <property name="jdk.home" value="C:\Program Files\Java\jdk1.8.0_181" />
    <property name="sun.awt.keepWorkingSetOnMinimize" value="true" />
    <property name="netbeans.autoupdate.version" value="1.23" />
    <property name="netbeans.dirs" value="C:\Program Files\NetBeans 8.2\nb;C:\Program Files\NetBeans 8.2\ergonomics;C:\Program Files\NetBeans 8.2\ide;C:\Program Files\NetBeans 8.2\extide;C:\Program Files\NetBeans 8.2\java;C:\Program Files\NetBeans 8.2\apisupport;C:\Program Files\NetBeans 8.2\webcommon;C:\Program Files\NetBeans 8.2\websvccommon;C:\Program Files\NetBeans 8.2\enterprise;C:\Program Files\NetBeans 8.2\mobility;C:\Program Files\NetBeans 8.2\profiler;C:\Program Files\NetBeans 8.2\python;C:\Program Files\NetBeans 8.2\php;C:\Program Files\NetBeans 8.2\identity;C:\Program Files\NetBeans 8.2\harness;C:\Program Files\NetBeans 8.2\cnd;C:\Program Files\NetBeans 8.2\cndext;C:\Program Files\NetBeans 8.2\dlight;C:\Program Files\NetBeans 8.2\groovy;C:\Program Files\NetBeans 8.2\extra;C:\Program Files\NetBeans 8.2\javacard;C:\Program Files\NetBeans 8.2\javafx" />
    <property name="main.class.available" value="true" />
    <property name="java.specification.name" value="Java Platform API Specification" />
    <property name="sun.awt.datatransfer.timeout" value="1000" />
    <property name="javadoc.author" value="false" />
    <property name="ap.proc.none.internal" value="" />
    <property name="user.timezone" value="" />
    <property name="nb.native.filechooser" value="false" />
    <property name="manifest.available" value="true" />
    <property name="org.openide.specification.version" value="6.2" />
    <property name="user.script" value="" />
    <property name="path.separator" value=";" />
    <property name="testng.mode" value="testng" />
    <property name="version-output" value="java version &quot;1.8" />
    <property name="netbeans.accept_license_class" value="org.netbeans.license.AcceptLicense" />
    <property name="file.encoding" value="Cp1252" />
    <property name="dist.javadoc.dir" value="dist/javadoc" />
    <property name="ant.project.default-target" value="default" />
    <property name="javac.profile.cmd.line.arg" value="" />
    <property name="sun.java.command" value="org.apache.tools.ant.taskdefs.optional.junit.JUnitTestRunner service.ConsultasTest skipNonTests=false filtertrace=true haltOnError=false haltOnFailure=false showoutput=true outputtoformatters=true logfailedtests=true threadid=0 logtestlistenerevents=true formatter=org.apache.tools.ant.taskdefs.optional.junit.BriefJUnitResultFormatter formatter=org.apache.tools.ant.taskdefs.optional.junit.XMLJUnitResultFormatter,C:\Users\Oscar\Documents\USAC\Analisis y diseño\Practica2\-AyD1-Practica2\Practica2\build\test\results\TEST-service.ConsultasTest.xml crashfile=C:\Users\Oscar\Documents\USAC\Analisis y diseño\Practica2\-AyD1-Practica2\Practica2\build\junitvmwatcher2322948317603060842.properties propsfile=C:\Users\Oscar\Documents\USAC\Analisis y diseño\Practica2\-AyD1-Practica2\Practica2\build\junit9165349320590170433.properties" />
    <property name="https.nonProxyHosts" value="localhost|127.0.0.1|Corleto" />
    <property name="built-jar.properties" value="C:\Users\Oscar\Documents\USAC\Analisis y diseño\Practica2\-AyD1-Practica2\Practica2\build\built-jar.properties" />
    <property name="ant.junit.enabletestlistenerevents" value="true" />
    <property name="ant.file" value="C:\Users\Oscar\Documents\USAC\Analisis y diseño\Practica2\-AyD1-Practica2\Practica2\build.xml" />
    <property name="junit.available" value="true" />
    <property name="ant.file.type.Practica2-impl" value="file" />
    <property name="netbeans.autoupdate.language" value="es" />
    <property name="java.io.tmpdir" value="C:\Users\Oscar\AppData\Local\Temp\" />
    <property name="build.test.results.dir" value="build/test/results" />
    <property name="user.language" value="es" />
    <property name="line.separator" value="&#xd;&#xa;" />
    <property name="apple.laf.useScreenMenuBar" value="true" />
    <property name="javac.compilerargs" value="" />
    <property name="jar.compress" value="false" />
    <property name="debug-transport-by-os" value="dt_shmem" />
    <property name="java.vm.info" value="mixed mode" />
    <property name="javadoc.private" value="false" />
    <property name="annotation.processing.processors.list" value="" />
    <property name="sun.desktop" value="windows" />
    <property name="java.vm.specification.name" value="Java Virtual Machine Specification" />
    <property name="build.test.classes.dir" value="build/test/classes" />
    <property name="test.binaryexcludes" value="" />
    <property name="netbeans.dynamic.classpath" value="C:\Program Files\NetBeans 8.2\platform\core\asm-all-5.0.1.jar;C:\Program Files\NetBeans 8.2\platform\core\core-base.jar;C:\Program Files\NetBeans 8.2\platform\core\core.jar;C:\Program Files\NetBeans 8.2\platform\core\org-netbeans-libs-asm.jar;C:\Program Files\NetBeans 8.2\platform\core\org-openide-filesystems-compat8.jar;C:\Program Files\NetBeans 8.2\platform\core\org-openide-filesystems.jar;C:\Program Files\NetBeans 8.2\platform\core\locale\core-base_ja.jar;C:\Program Files\NetBeans 8.2\platform\core\locale\core-base_pt_BR.jar;C:\Program Files\NetBeans 8.2\platform\core\locale\core-base_ru.jar;C:\Program Files\NetBeans 8.2\platform\core\locale\core-base_zh_CN.jar;C:\Program Files\NetBeans 8.2\platform\core\locale\core_ja.jar;C:\Program Files\NetBeans 8.2\platform\core\locale\core_pt_BR.jar;C:\Program Files\NetBeans 8.2\platform\core\locale\core_ru.jar;C:\Program Files\NetBeans 8.2\platform\core\locale\core_zh_CN.jar;C:\Program Files\NetBeans 8.2\platform\core\locale\org-netbeans-libs-asm_ja.jar;C:\Program Files\NetBeans 8.2\platform\core\locale\org-netbeans-libs-asm_pt_BR.jar;C:\Program Files\NetBeans 8.2\platform\core\locale\org-netbeans-libs-asm_ru.jar;C:\Program Files\NetBeans 8.2\platform\core\locale\org-netbeans-libs-asm_zh_CN.jar;C:\Program Files\NetBeans 8.2\platform\core\locale\org-openide-filesystems-compat8_ja.jar;C:\Program Files\NetBeans 8.2\platform\core\locale\org-openide-filesystems-compat8_pt_BR.jar;C:\Program Files\NetBeans 8.2\platform\core\locale\org-openide-filesystems-compat8_ru.jar;C:\Program Files\NetBeans 8.2\platform\core\locale\org-openide-filesystems-compat8_zh_CN.jar;C:\Program Files\NetBeans 8.2\platform\core\locale\org-openide-filesystems_ja.jar;C:\Program Files\NetBeans 8.2\platform\core\locale\org-openide-filesystems_pt_BR.jar;C:\Program Files\NetBeans 8.2\platform\core\locale\org-openide-filesystems_ru.jar;C:\Program Files\NetBeans 8.2\platform\core\locale\org-openide-filesystems_zh_CN.jar;C:\Program Files\NetBeans 8.2\nb\core\org-netbeans-upgrader.jar;C:\Program Files\NetBeans 8.2\nb\core\locale\core_nb.jar;C:\Program Files\NetBeans 8.2\nb\core\locale\core_nb_ja.jar;C:\Program Files\NetBeans 8.2\nb\core\locale\core_nb_pt_BR.jar;C:\Program Files\NetBeans 8.2\nb\core\locale\core_nb_ru.jar;C:\Program Files\NetBeans 8.2\nb\core\locale\core_nb_zh_CN.jar;C:\Program Files\NetBeans 8.2\nb\core\locale\org-netbeans-upgrader_ja.jar;C:\Program Files\NetBeans 8.2\nb\core\locale\org-netbeans-upgrader_pt_BR.jar;C:\Program Files\NetBeans 8.2\nb\core\locale\org-netbeans-upgrader_ru.jar;C:\Program Files\NetBeans 8.2\nb\core\locale\org-netbeans-upgrader_zh_CN.jar" />
    <property name="guice.disable.misplaced.annotation.check" value="true" />
    <property name="platform.active" value="default_platform" />
    <property name="ap.cmd.line.internal" value="" />
    <property name="jdkBug6558476" value="false" />
    <property name="java.failonerror" value="true" />
    <property name="http.nonProxyHosts" value="localhost|127.0.0.1|Corleto" />
    <property name="netbeans.autoupdate.country" value="GT" />
    <property name="javadoc.encoding" value="UTF-8" />
    <property name="java.awt.printerjob" value="sun.awt.windows.WPrinterJob" />
    <property name="ap.processors.internal" value="" />
    <property name="do.archive" value="true" />
    <property name="ant.file.Practica2-impl" value="C:\Users\Oscar\Documents\USAC\Analisis y diseño\Practica2\-AyD1-Practica2\Practica2\nbproject\build-impl.xml" />
    <property name="dist.jar" value="dist/Practica2.jar" />
    <property name="meta.inf.dir" value="src/META-INF" />
    <property name="ant.version" value="Apache Ant(TM) version 1.9.7 compiled on April 9 2016" />
    <property name="netbeans.home" value="C:\Program Files\NetBeans 8.2\platform" />
    <property name="javadoc.nonavbar" value="false" />
    <property name="user.properties.file" value="C:\Users\hp\AppData\Roaming\NetBeans\8.2\build.properties" />
    <property name="netbeans.importclass" value="org.netbeans.upgrade.AutoUpgrade" />
    <property name="javac.external.vm" value="true" />
    <property name="annotation.processing.source.output" value="build/generated-sources/ap-source-output" />
    <property name="build.generated.dir" value="build/generated" />
    <property name="netbeans.home+have.tests" value="true" />
    <property name="apple.awt.graphics.UseQuartz" value="true" />
    <property name="os.name" value="Windows 8.1" />
    <property name="java.specification.vendor" value="Oracle Corporation" />
    <property name="file.reference.junit-4.10.jar" value="jars\junit-4.10.jar" />
    <property name="run.test.classpath" value="jars\JTattoo-1.6.11.jar:jars\mysql-connector-java-5.1.48.jar:jars/jcalendar-1.4.jar:jars\junit-jupiter-5.5.2.jar:jars\junit-4.10.jar:C:\Users\Oscar\Documents\USAC\IPC\IPC\Proyecto2\itextpdf-5.4.3.jar:build/classes:build/test/classes" />
    <property name="do.archive+main.class.available" value="true" />
    <property name="java.vm.name" value="Java HotSpot(TM) 64-Bit Server VM" />
    <property name="org.openide.version" value="deprecated" />
    <property name="sun.awt.enableExtraMouseButtons" value="true" />
    <property name="ap.supported.internal" value="true" />
    <property name="java.library.path" value="C:\Program Files\Java\jdk1.8.0_181\jre\bin;C:\Windows\Sun\Java\bin;C:\Windows\system32;C:\Windows;C:\Program Files (x86)\Common Files\Oracle\Java\javapath;C:\Program Files (x86)\Intel\iCLS Client\;C:\Program Files\Intel\iCLS Client\;C:\Windows\system32;C:\Windows;C:\Windows\System32\Wbem;C:\Windows\System32\WindowsPowerShell\v1.0\;C:\Program Files\Intel\Intel(R) Management Engine Components\DAL;C:\Program Files (x86)\Intel\Intel(R) Management Engine Components\DAL;C:\Program Files\Intel\Intel(R) Management Engine Components\IPT;C:\Program Files (x86)\Intel\Intel(R) Management Engine Components\IPT;C:\Program Files\Intel\WiFi\bin\;C:\Program Files\Common Files\Intel\WirelessCommon\;C:\Program Files (x86)\Windows Kits\8.1\Windows Performance Toolkit\;C:\Program Files\Microsoft SQL Server\110\Tools\Binn\;C:\Program Files (x86)\Microsoft SDKs\TypeScript\1.0\;C:\Program Files\Microsoft SQL Server\120\Tools\Binn\;C:\Program Files\Microsoft SQL Server\Client SDK\ODBC\130\Tools\Binn\;C:\Program Files (x86)\Microsoft SQL Server\140\Tools\Binn\;C:\Program Files\Microsoft SQL Server\140\Tools\Binn\;C:\Program Files\Microsoft SQL Server\140\DTS\Binn\;C:\Program Files (x86)\Microsoft SQL Server\Client SDK\ODBC\130\Tools\Binn\;C:\Program Files (x86)\Microsoft SQL Server\140\DTS\Binn\;C:\Program Files (x86)\Microsoft SQL Server\140\Tools\Binn\ManagementStudio\;C:\Program Files\MongoDB\Server\4.0\bin\;C:\Python27\;C:\Python27\Scripts\;C:\Program Files\nodejs\;C:Program Filesnodejs;C:\Program Files\PuTTY\;C:\Users\Oscar\AppData\Roaming\npm;C:\Users\Oscar\AppData\Local\Programs\Microsoft VS Code\bin;." />
    <property name="ant.java.version" value="1.8" />
    <property name="file.reference.JTattoo-1.6.11.jar-1" value="jars\JTattoo-1.6.11.jar" />
    <property name="basedir" value="C:\Users\Oscar\Documents\USAC\Analisis y diseño\Practica2\-AyD1-Practica2\Practica2" />
    <property name="javadoc.noindex" value="false" />
    <property name="jna.boot.library.name" value="jnidispatch-422" />
    <property name="java.class.version" value="52.0" />
    <property name="javac.test.classpath" value="jars\JTattoo-1.6.11.jar:jars\mysql-connector-java-5.1.48.jar:jars/jcalendar-1.4.jar:jars\junit-jupiter-5.5.2.jar:jars\junit-4.10.jar:C:\Users\Oscar\Documents\USAC\IPC\IPC\Proyecto2\itextpdf-5.4.3.jar:build/classes" />
    <property name="javac.processorpath" value="jars\JTattoo-1.6.11.jar:jars\mysql-connector-java-5.1.48.jar:jars/jcalendar-1.4.jar:jars\junit-jupiter-5.5.2.jar:jars\junit-4.10.jar:C:\Users\Oscar\Documents\USAC\IPC\IPC\Proyecto2\itextpdf-5.4.3.jar" />
    <property name="ant.home" value="C:\Program Files\NetBeans 8.2\extide\ant" />
    <property name="javadoc.splitindex" value="true" />
    <property name="javac.test.processorpath" value="jars\JTattoo-1.6.11.jar:jars\mysql-connector-java-5.1.48.jar:jars/jcalendar-1.4.jar:jars\junit-jupiter-5.5.2.jar:jars\junit-4.10.jar:C:\Users\Oscar\Documents\USAC\IPC\IPC\Proyecto2\itextpdf-5.4.3.jar:build/classes" />
    <property name="javadoc.preview" value="true" />
    <property name="copylibs.rebase" value="true" />
    <property name="file.reference.junit-jupiter-5.5.2.jar" value="jars\junit-jupiter-5.5.2.jar" />
    <property name="junit.forkmode" value="perTest" />
    <property name="test.binarytestincludes" value="" />
    <property name="dist.archive.excludes" value="" />
    <property name="sun.boot.library.path" value="C:\Program Files\Java\jdk1.8.0_181\jre\bin" />
    <property name="build.dir" value="build" />
    <property name="sun.management.compiler" value="HotSpot 64-Bit Tiered Compilers" />
    <property name="java.awt.graphicsenv" value="sun.awt.Win32GraphicsEnvironment" />
    <property name="user.variant" value="" />
    <property name="ant.file.type.Practica2" value="file" />
    <property name="javadoc.encoding.used" value="UTF-8" />
    <property name="javadoc.windowtitle" value="" />
    <property name="netbeans.productversion" value="NetBeans IDE 8.2 (Build 201609300101)" />
    <property name="annotation.processing.enabled" value="true" />
    <property name="run.jvmargs.ide" value="" />
    <property name="run.jvmargs" value="  -javaagent:&quot;C:\Users\Oscar\AppData\Roaming\NetBeans\8.2\modules\ext\jacocoagent.jar&quot;=includes=models.*:practica2.*:service.*,destfile=&quot;C:\Users\Oscar\Documents\USAC\Analisis y diseño\Practica2\-AyD1-Practica2\Practica2\jacoco.exec-631050046488534&quot;" />
    <property name="nb.junit.single" value="false" />
    <property name="build.generated.sources.dir" value="build/generated-sources" />
    <property name="build.compiler.emacs" value="true" />
    <property name="file.reference.mysql-connector-java-5.1.48.jar" value="jars\mysql-connector-java-5.1.48.jar" />
    <property name="ant.project.name" value="Practica2" />
    <property name="file.reference.jcalendar-1.4.jar" value="jars/jcalendar-1.4.jar" />
    <property name="java.vm.specification.version" value="1.8" />
    <property name="work.dir" value="C:\Users\Oscar\Documents\USAC\Analisis y diseño\Practica2\-AyD1-Practica2\Practica2" />
    <property name="awt.toolkit" value="sun.awt.windows.WToolkit" />
    <property name="javadoc.use" value="true" />
    <property name="sun.cpu.isalist" value="amd64" />
    <property name="java.ext.dirs" value="C:\Program Files\Java\jdk1.8.0_181\jre\lib\ext;C:\Windows\Sun\Java\lib\ext" />
    <property name="netbeans.default_userdir_root" value="C:\Users\Oscar\AppData\Roaming\NetBeans" />
    <property name="os.version" value="6.3" />
    <property name="jna.loaded" value="true" />
    <property name="excludes" value="" />
    <property name="user.home" value="C:\Users\Oscar" />
    <property name="org.xml.sax.driver" value="com.sun.org.apache.xerces.internal.jaxp.SAXParserImpl$JAXPSAXParser" />
    <property name="java.vm.vendor" value="Oracle Corporation" />
    <property name="user.dir" value="C:\Users\Oscar\Documents\USAC\Analisis y diseño\Practica2\-AyD1-Practica2\Practica2" />
    <property name="debug-transport" value="dt_shmem" />
    <property name="application.args" value="" />
    <property name="sun.cpu.endian" value="little" />
    <property name="compile.on.save" value="true" />
    <property name="endorsed.classpath.cmd.line.arg" value="" />
    <property name="jar.index" value="false" />
    <property name="java.vm.version" value="25.181-b13" />
    <property name="test.binaryincludes" value="&lt;nothing&gt;" />
    <property name="java.class.path" value="C:\Users\Oscar\Documents\USAC\Analisis y diseño\Practica2\-AyD1-Practica2\Practica2\jars\JTattoo-1.6.11.jar;C:\Users\Oscar\Documents\USAC\Analisis y diseño\Practica2\-AyD1-Practica2\Practica2\jars\mysql-connector-java-5.1.48.jar;C:\Users\Oscar\Documents\USAC\Analisis y diseño\Practica2\-AyD1-Practica2\Practica2\jars\jcalendar-1.4.jar;C:\Users\Oscar\Documents\USAC\Analisis y diseño\Practica2\-AyD1-Practica2\Practica2\jars\junit-4.10.jar;C:\Users\Oscar\Documents\USAC\IPC\IPC\Proyecto2\itextpdf-5.4.3.jar;C:\Users\Oscar\Documents\USAC\Analisis y diseño\Practica2\-AyD1-Practica2\Practica2\build\classes;C:\Users\Oscar\Documents\USAC\Analisis y diseño\Practica2\-AyD1-Practica2\Practica2\build\test\classes;C:\Program Files\NetBeans 8.2\extide\ant\lib\ant-launcher.jar;C:\Program Files\NetBeans 8.2\extide\ant\lib\ant.jar;C:\Program Files\NetBeans 8.2\extide\ant\lib\ant-junit.jar;C:\Program Files\NetBeans 8.2\extide\ant\lib\ant-junit4.jar;C:\Users\Oscar\AppData\Roaming\NetBeans\8.2\modules\ext\jacocoagent.jar" />
    <property name="annotation.processing.processor.options" value="" />
    <property name="tests.failed" value="true" />
    <property name="os.arch" value="amd64" />
    <property name="javac.deprecation" value="false" />
    <property name="manifest.encoding" value="UTF-8" />
    <property name="build.classes.excludes" value="**/*.java,**/*.form" />
    <property name="dist.dir" value="dist" />
    <property name="debug.classpath" value="jars\JTattoo-1.6.11.jar:jars\mysql-connector-java-5.1.48.jar:jars/jcalendar-1.4.jar:jars\junit-jupiter-5.5.2.jar:jars\junit-4.10.jar:C:\Users\Oscar\Documents\USAC\IPC\IPC\Proyecto2\itextpdf-5.4.3.jar:build/classes" />
    <property name="netbeans.user" value="C:\Users\Oscar\AppData\Roaming\NetBeans\8.2" />
    <property name="sun.java.launcher" value="SUN_STANDARD" />
    <property name="jar.index.metainf" value="false" />
    <property name="platform.java" value="C:\Program Files\Java\jdk1.8.0_181\jre/bin/java" />
    <property name="annotation.processing.enabled.in.editor" value="false" />
    <property name="ant.core.lib" value="C:\Program Files\NetBeans 8.2\extide\ant\lib\ant.jar" />
    <property name="java.vm.specification.vendor" value="Oracle Corporation" />
    <property name="do.depend" value="false" />
    <property name="file.separator" value="\" />
    <property name="java.runtime.version" value="1.8.0_181-b13" />
    <property name="debug.test.classpath" value="jars\JTattoo-1.6.11.jar:jars\mysql-connector-java-5.1.48.jar:jars/jcalendar-1.4.jar:jars\junit-jupiter-5.5.2.jar:jars\junit-4.10.jar:C:\Users\Oscar\Documents\USAC\IPC\IPC\Proyecto2\itextpdf-5.4.3.jar:build/classes:build/test/classes" />
    <property name="sun.boot.class.path" value="C:\Program Files\Java\jdk1.8.0_181\jre\lib\resources.jar;C:\Program Files\Java\jdk1.8.0_181\jre\lib\rt.jar;C:\Program Files\Java\jdk1.8.0_181\jre\lib\sunrsasign.jar;C:\Program Files\Java\jdk1.8.0_181\jre\lib\jsse.jar;C:\Program Files\Java\jdk1.8.0_181\jre\lib\jce.jar;C:\Program Files\Java\jdk1.8.0_181\jre\lib\charsets.jar;C:\Program Files\Java\jdk1.8.0_181\jre\lib\jfr.jar;C:\Program Files\Java\jdk1.8.0_181\jre\classes" />
    <property name="nb.junit.batch" value="true" />
    <property name="have.tests" value="true" />
    <property name="main.class" value="practica2.Practica2" />
    <property name="jdk.launcher.addexports.5" value="java.management/sun.management=ALL-UNNAMED" />
    <property name="jdk.launcher.addexports.4" value="java.desktop/com.sun.java.swing.plaf.windows=ALL-UNNAMED" />
    <property name="jdk.launcher.addexports.3" value="java.desktop/sun.awt.im=ALL-UNNAMED" />
    <property name="java.util.logging.config.class" value="org.netbeans.core.startup.TopLogging" />
    <property name="jdk.launcher.addexports.2" value="java.desktop/java.awt.peer=ALL-UNNAMED" />
    <property name="jdk.launcher.addexports.1" value="java.base/jdk.internal.jrtfs=ALL-UNNAMED" />
    <property name="jdk.launcher.addexports.0" value="java.desktop/sun.awt=ALL-UNNAMED" />
    <property name="user.country" value="GT" />
    <property name="javadoc.notree" value="false" />
    <property name="javadoc.additionalparam" value="" />
    <property name="javac.classpath" value="jars\JTattoo-1.6.11.jar:jars\mysql-connector-java-5.1.48.jar:jars/jcalendar-1.4.jar:jars\junit-jupiter-5.5.2.jar:jars\junit-4.10.jar:C:\Users\Oscar\Documents\USAC\IPC\IPC\Proyecto2\itextpdf-5.4.3.jar" />
    <property name="ant.file.Practica2" value="C:\Users\Oscar\Documents\USAC\Analisis y diseño\Practica2\-AyD1-Practica2\Practica2\build.xml" />
    <property name="default.javac.target" value="1.6" />
    <property name="build.classes.dir" value="build/classes" />
    <property name="do.archive+manifest.available" value="true" />
    <property name="java.vendor" value="Oracle Corporation" />
    <property name="javac.target" value="1.8" />
    <property name="runtime.encoding" value="UTF-8" />
    <property name="java.specification.version" value="1.8" />
    <property name="sun.arch.data.model" value="64" />
    <property name="mkdist.disabled" value="false" />
  </properties>
  <testcase classname="service.ConsultasTest" name="testModificarCita" time="4.342" />
  <testcase classname="service.ConsultasTest" name="testEliminar_Cita" time="0.004">
    <failure message="expected:&lt;true&gt; but was:&lt;false&gt;" type="junit.framework.AssertionFailedError">junit.framework.AssertionFailedError: expected:&lt;true&gt; but was:&lt;false&gt;
	at service.ConsultasTest.testEliminar_Cita(ConsultasTest.java:200)
</failure>
  </testcase>
  <testcase classname="service.ConsultasTest" name="testGetDoctorPorId" time="2.148" />
  <testcase classname="service.ConsultasTest" name="testGetPacientePorId" time="4.2" />
  <testcase classname="service.ConsultasTest" name="testLogin" time="2.434" />
  <testcase classname="service.ConsultasTest" name="testRegistrar" time="2.59">
    <failure message="expected:&lt;true&gt; but was:&lt;false&gt;" type="junit.framework.AssertionFailedError">junit.framework.AssertionFailedError: expected:&lt;true&gt; but was:&lt;false&gt;
	at service.ConsultasTest.testRegistrar(ConsultasTest.java:66)
</failure>
  </testcase>
  <testcase classname="service.ConsultasTest" name="testGetCitas" time="3.654" />
  <testcase classname="service.ConsultasTest" name="testGetDoctores" time="3.169" />
  <testcase classname="service.ConsultasTest" name="testCrearCita" time="3.042" />
  <testcase classname="service.ConsultasTest" name="testGetPacientes" time="3.486" />
  <testcase classname="service.ConsultasTest" name="testGetReporte2" time="0.004">
    <error type="java.lang.NullPointerException">java.lang.NullPointerException
	at service.Consultas.getReporte2(Consultas.java:290)
	at service.ConsultasTest.testGetReporte2(ConsultasTest.java:232)
</error>
  </testcase>
  <testcase classname="service.ConsultasTest" name="testGetReporte1" time="2.036">
    <failure message="The test case is a prototype." type="junit.framework.AssertionFailedError">junit.framework.AssertionFailedError: The test case is a prototype.
	at service.ConsultasTest.testGetReporte1(ConsultasTest.java:218)
</failure>
  </testcase>
  <system-out><![CDATA[Inicia el test de la clase Consultas
Inicia el test del metodo ...
modificarCita
Conexion Establecida
Finaliza el test del metodo ...
Inicia el test del metodo ...
Eliminar_Cita
Finaliza el test del metodo ...
Inicia el test del metodo ...
getDoctorPorId
Conexion Establecida
Finaliza el test del metodo ...
Inicia el test del metodo ...
getPacientePorId
Conexion Establecida
Finaliza el test del metodo ...
Inicia el test del metodo ...
login
Conexion Establecida
Finaliza el test del metodo ...
Inicia el test del metodo ...
registrar
Conexion Establecida
Finaliza el test del metodo ...
Inicia el test del metodo ...
getCitas
Conexion Establecida
Finaliza el test del metodo ...
Inicia el test del metodo ...
getDoctores
Conexion Establecida
Finaliza el test del metodo ...
Inicia el test del metodo ...
crearCita
Conexion Establecida
Finaliza el test del metodo ...
Inicia el test del metodo ...
getPacientes
Conexion Establecida
Finaliza el test del metodo ...
Inicia el test del metodo ...
getReporte2
Finaliza el test del metodo ...
Inicia el test del metodo ...
getReporte1
Conexion Establecida
Finaliza el test del metodo ...
Finaliza el test de la clase Consultas
]]></system-out>
  <system-err><![CDATA[sep 20, 2019 10:16:08 PM service.Consultas registrar
GRAVE: null
com.mysql.jdbc.exceptions.jdbc4.MySQLIntegrityConstraintViolationException: Duplicate entry 'inventado@protonmail.com' for key 'email'
	at sun.reflect.NativeConstructorAccessorImpl.newInstance0(Native Method)
	at sun.reflect.NativeConstructorAccessorImpl.newInstance(NativeConstructorAccessorImpl.java:62)
	at sun.reflect.DelegatingConstructorAccessorImpl.newInstance(DelegatingConstructorAccessorImpl.java:45)
	at java.lang.reflect.Constructor.newInstance(Constructor.java:423)
	at com.mysql.jdbc.Util.handleNewInstance(Util.java:425)
	at com.mysql.jdbc.Util.getInstance(Util.java:408)
	at com.mysql.jdbc.SQLError.createSQLException(SQLError.java:936)
	at com.mysql.jdbc.MysqlIO.checkErrorPacket(MysqlIO.java:3933)
	at com.mysql.jdbc.MysqlIO.checkErrorPacket(MysqlIO.java:3869)
	at com.mysql.jdbc.MysqlIO.sendCommand(MysqlIO.java:2524)
	at com.mysql.jdbc.MysqlIO.sqlQueryDirect(MysqlIO.java:2675)
	at com.mysql.jdbc.ConnectionImpl.execSQL(ConnectionImpl.java:2465)
	at com.mysql.jdbc.PreparedStatement.executeInternal(PreparedStatement.java:1912)
	at com.mysql.jdbc.PreparedStatement.executeUpdateInternal(PreparedStatement.java:2133)
	at com.mysql.jdbc.PreparedStatement.executeUpdateInternal(PreparedStatement.java:2067)
	at com.mysql.jdbc.PreparedStatement.executeLargeUpdate(PreparedStatement.java:5175)
	at com.mysql.jdbc.PreparedStatement.executeUpdate(PreparedStatement.java:2052)
	at service.Consultas.registrar(Consultas.java:35)
	at service.ConsultasTest.testRegistrar(ConsultasTest.java:65)
	at sun.reflect.NativeMethodAccessorImpl.invoke0(Native Method)
	at sun.reflect.NativeMethodAccessorImpl.invoke(NativeMethodAccessorImpl.java:62)
	at sun.reflect.DelegatingMethodAccessorImpl.invoke(DelegatingMethodAccessorImpl.java:43)
	at java.lang.reflect.Method.invoke(Method.java:498)
	at org.junit.runners.model.FrameworkMethod$1.runReflectiveCall(FrameworkMethod.java:45)
	at org.junit.internal.runners.model.ReflectiveCallable.run(ReflectiveCallable.java:15)
	at org.junit.runners.model.FrameworkMethod.invokeExplosively(FrameworkMethod.java:42)
	at org.junit.internal.runners.statements.InvokeMethod.evaluate(InvokeMethod.java:20)
	at org.junit.internal.runners.statements.RunBefores.evaluate(RunBefores.java:28)
	at org.junit.internal.runners.statements.RunAfters.evaluate(RunAfters.java:30)
	at org.junit.runners.ParentRunner.runLeaf(ParentRunner.java:263)
	at org.junit.runners.BlockJUnit4ClassRunner.runChild(BlockJUnit4ClassRunner.java:68)
	at org.junit.runners.BlockJUnit4ClassRunner.runChild(BlockJUnit4ClassRunner.java:47)
	at org.junit.runners.ParentRunner$3.run(ParentRunner.java:231)
	at org.junit.runners.ParentRunner$1.schedule(ParentRunner.java:60)
	at org.junit.runners.ParentRunner.runChildren(ParentRunner.java:229)
	at org.junit.runners.ParentRunner.access$000(ParentRunner.java:50)
	at org.junit.runners.ParentRunner$2.evaluate(ParentRunner.java:222)
	at org.junit.internal.runners.statements.RunBefores.evaluate(RunBefores.java:28)
	at org.junit.internal.runners.statements.RunAfters.evaluate(RunAfters.java:30)
	at org.junit.runners.ParentRunner.run(ParentRunner.java:300)
	at junit.framework.JUnit4TestAdapter.run(JUnit4TestAdapter.java:39)
	at org.apache.tools.ant.taskdefs.optional.junit.JUnitTestRunner.run(JUnitTestRunner.java:535)
	at org.apache.tools.ant.taskdefs.optional.junit.JUnitTestRunner.launch(JUnitTestRunner.java:1182)
	at org.apache.tools.ant.taskdefs.optional.junit.JUnitTestRunner.main(JUnitTestRunner.java:1033)

]]></system-err>
</testsuite>
